2020-09-23 21:50:49.035 [main] INFO  com.spring.demo.SpringbootDemoApplication - Starting SpringbootDemoApplication on LAPTOP-2DJBECLD with PID 8036 (E:\Development\java_project\springboot_items\springboot_demo\target\classes started by asus in E:\Development\java_project\springboot_items)
2020-09-23 21:50:49.046 [main] INFO  com.spring.demo.SpringbootDemoApplication - No active profile set, falling back to default profiles: default
2020-09-23 21:50:52.986 [main] INFO  o.s.boot.web.embedded.tomcat.TomcatWebServer - Tomcat initialized with port(s): 8080 (http)
2020-09-23 21:50:53.010 [main] INFO  org.apache.coyote.http11.Http11NioProtocol - Initializing ProtocolHandler ["http-nio-8080"]
2020-09-23 21:50:53.014 [main] INFO  org.apache.catalina.core.StandardService - Starting service [Tomcat]
2020-09-23 21:50:53.014 [main] INFO  org.apache.catalina.core.StandardEngine - Starting Servlet engine: [Apache Tomcat/9.0.31]
2020-09-23 21:50:53.292 [main] INFO  o.a.c.c.C.[Tomcat].[localhost].[/xxl-job-admin] - Initializing Spring embedded WebApplicationContext
2020-09-23 21:50:53.292 [main] INFO  org.springframework.web.context.ContextLoader - Root WebApplicationContext: initialization completed in 4134 ms
2020-09-23 21:50:53.347 [main] INFO  c.spring.demo.datasource_config.DruidConfiguration - druid初始化成功!
2020-09-23 21:50:53.722 [main] ERROR com.alibaba.druid.filter.FilterManager - load filter error, filter not found : logback
2020-09-23 21:50:55.452 [main] INFO  s.d.s.w.PropertySourcedRequestMappingHandlerMapping - Mapped URL path [/v2/api-docs] onto method [springfox.documentation.swagger2.web.Swagger2Controller#getDocumentation(String, HttpServletRequest)]
2020-09-23 21:50:55.522 [main] ERROR com.alibaba.druid.filter.FilterManager - load filter error, filter not found : logback
2020-09-23 21:50:56.136 [main] INFO  o.s.scheduling.concurrent.ThreadPoolTaskExecutor - Initializing ExecutorService 'applicationTaskExecutor'
2020-09-23 21:50:56.402 [main] INFO  o.s.b.a.web.servlet.WelcomePageHandlerMapping - Adding welcome page template: index
2020-09-23 21:50:57.157 [main] INFO  s.d.s.web.plugins.DocumentationPluginsBootstrapper - Context refreshed
2020-09-23 21:50:57.182 [main] INFO  s.d.s.web.plugins.DocumentationPluginsBootstrapper - Found 1 custom documentation plugin(s)
2020-09-23 21:50:57.272 [main] INFO  s.d.spring.web.scanners.ApiListingReferenceScanner - Scanning for api listing references
2020-09-23 21:50:57.797 [main] INFO  s.d.s.w.r.operation.CachingOperationNameGenerator - Generating unique operation named: loginDoUsingPOST_1
2020-09-23 21:50:57.923 [main] INFO  org.apache.coyote.http11.Http11NioProtocol - Starting ProtocolHandler ["http-nio-8080"]
2020-09-23 21:50:57.982 [main] INFO  o.a.c.c.C.[Tomcat].[localhost].[/xxl-job-admin] - Initializing Spring DispatcherServlet 'dispatcherServlet'
2020-09-23 21:50:57.982 [main] INFO  org.springframework.web.servlet.DispatcherServlet - Initializing Servlet 'dispatcherServlet'
2020-09-23 21:50:58.012 [main] INFO  org.springframework.web.servlet.DispatcherServlet - Completed initialization in 30 ms
2020-09-23 21:50:58.032 [main] INFO  o.s.boot.web.embedded.tomcat.TomcatWebServer - Tomcat started on port(s): 8080 (http) with context path '/xxl-job-admin'
2020-09-23 21:50:58.042 [main] INFO  com.spring.demo.SpringbootDemoApplication - Started SpringbootDemoApplication in 10.387 seconds (JVM running for 16.19)
2020-09-23 22:00:29.492 [SpringContextShutdownHook] INFO  o.s.scheduling.concurrent.ThreadPoolTaskExecutor - Shutting down ExecutorService 'applicationTaskExecutor'
2020-09-23 22:14:44.001 [main] INFO  com.spring.demo.SpringbootDemoApplication - Starting SpringbootDemoApplication on LAPTOP-2DJBECLD with PID 11688 (E:\Development\java_project\springboot_items\springboot_demo\target\classes started by asus in E:\Development\java_project\springboot_items)
2020-09-23 22:14:44.007 [main] INFO  com.spring.demo.SpringbootDemoApplication - No active profile set, falling back to default profiles: default
2020-09-23 22:14:48.862 [main] INFO  o.s.boot.web.embedded.tomcat.TomcatWebServer - Tomcat initialized with port(s): 8080 (http)
2020-09-23 22:14:48.885 [main] INFO  org.apache.coyote.http11.Http11NioProtocol - Initializing ProtocolHandler ["http-nio-8080"]
2020-09-23 22:14:48.885 [main] INFO  org.apache.catalina.core.StandardService - Starting service [Tomcat]
2020-09-23 22:14:48.889 [main] INFO  org.apache.catalina.core.StandardEngine - Starting Servlet engine: [Apache Tomcat/9.0.31]
2020-09-23 22:14:49.169 [main] INFO  o.a.c.c.C.[Tomcat].[localhost].[/xxl-job-admin] - Initializing Spring embedded WebApplicationContext
2020-09-23 22:14:49.169 [main] INFO  org.springframework.web.context.ContextLoader - Root WebApplicationContext: initialization completed in 4916 ms
2020-09-23 22:14:49.225 [main] INFO  c.spring.demo.datasource_config.DruidConfiguration - druid初始化成功!
2020-09-23 22:14:49.593 [main] ERROR com.alibaba.druid.filter.FilterManager - load filter error, filter not found : logback
2020-09-23 22:14:51.525 [main] INFO  s.d.s.w.PropertySourcedRequestMappingHandlerMapping - Mapped URL path [/v2/api-docs] onto method [springfox.documentation.swagger2.web.Swagger2Controller#getDocumentation(String, HttpServletRequest)]
2020-09-23 22:14:51.591 [main] ERROR com.alibaba.druid.filter.FilterManager - load filter error, filter not found : logback
2020-09-23 22:14:52.223 [main] INFO  o.s.scheduling.concurrent.ThreadPoolTaskExecutor - Initializing ExecutorService 'applicationTaskExecutor'
2020-09-23 22:14:52.461 [main] INFO  o.s.b.a.web.servlet.WelcomePageHandlerMapping - Adding welcome page template: index
2020-09-23 22:14:53.385 [main] INFO  s.d.s.web.plugins.DocumentationPluginsBootstrapper - Context refreshed
2020-09-23 22:14:53.425 [main] INFO  s.d.s.web.plugins.DocumentationPluginsBootstrapper - Found 1 custom documentation plugin(s)
2020-09-23 22:14:53.515 [main] INFO  s.d.spring.web.scanners.ApiListingReferenceScanner - Scanning for api listing references
2020-09-23 22:14:54.029 [main] INFO  s.d.s.w.r.operation.CachingOperationNameGenerator - Generating unique operation named: loginDoUsingPOST_1
2020-09-23 22:14:54.163 [main] INFO  org.apache.coyote.http11.Http11NioProtocol - Starting ProtocolHandler ["http-nio-8080"]
2020-09-23 22:14:54.215 [main] INFO  o.a.c.c.C.[Tomcat].[localhost].[/xxl-job-admin] - Initializing Spring DispatcherServlet 'dispatcherServlet'
2020-09-23 22:14:54.215 [main] INFO  org.springframework.web.servlet.DispatcherServlet - Initializing Servlet 'dispatcherServlet'
2020-09-23 22:14:54.255 [main] INFO  org.springframework.web.servlet.DispatcherServlet - Completed initialization in 40 ms
2020-09-23 22:14:54.275 [main] INFO  o.s.boot.web.embedded.tomcat.TomcatWebServer - Tomcat started on port(s): 8080 (http) with context path '/xxl-job-admin'
2020-09-23 22:14:54.291 [main] INFO  com.spring.demo.SpringbootDemoApplication - Started SpringbootDemoApplication in 12.731 seconds (JVM running for 17.279)
2020-09-23 22:21:13.217 [SpringContextShutdownHook] INFO  o.s.scheduling.concurrent.ThreadPoolTaskExecutor - Shutting down ExecutorService 'applicationTaskExecutor'
2020-09-23 22:21:28.568 [main] INFO  com.spring.demo.SpringbootDemoApplication - Starting SpringbootDemoApplication on LAPTOP-2DJBECLD with PID 18820 (E:\Development\java_project\springboot_items\springboot_demo\target\classes started by asus in E:\Development\java_project\springboot_items)
2020-09-23 22:21:28.578 [main] INFO  com.spring.demo.SpringbootDemoApplication - No active profile set, falling back to default profiles: default
2020-09-23 22:21:32.406 [main] INFO  o.s.boot.web.embedded.tomcat.TomcatWebServer - Tomcat initialized with port(s): 8080 (http)
2020-09-23 22:21:32.427 [main] INFO  org.apache.coyote.http11.Http11NioProtocol - Initializing ProtocolHandler ["http-nio-8080"]
2020-09-23 22:21:32.427 [main] INFO  org.apache.catalina.core.StandardService - Starting service [Tomcat]
2020-09-23 22:21:32.427 [main] INFO  org.apache.catalina.core.StandardEngine - Starting Servlet engine: [Apache Tomcat/9.0.31]
2020-09-23 22:21:32.697 [main] INFO  o.a.c.c.C.[Tomcat].[localhost].[/xxl-job-admin] - Initializing Spring embedded WebApplicationContext
2020-09-23 22:21:32.697 [main] INFO  org.springframework.web.context.ContextLoader - Root WebApplicationContext: initialization completed in 3970 ms
2020-09-23 22:21:32.751 [main] INFO  c.spring.demo.datasource_config.DruidConfiguration - druid初始化成功!
2020-09-23 22:21:33.122 [main] ERROR com.alibaba.druid.filter.FilterManager - load filter error, filter not found : logback
2020-09-23 22:21:34.877 [main] INFO  s.d.s.w.PropertySourcedRequestMappingHandlerMapping - Mapped URL path [/v2/api-docs] onto method [springfox.documentation.swagger2.web.Swagger2Controller#getDocumentation(String, HttpServletRequest)]
2020-09-23 22:21:34.926 [main] ERROR com.alibaba.druid.filter.FilterManager - load filter error, filter not found : logback
2020-09-23 22:21:35.547 [main] INFO  o.s.scheduling.concurrent.ThreadPoolTaskExecutor - Initializing ExecutorService 'applicationTaskExecutor'
2020-09-23 22:21:35.777 [main] INFO  o.s.b.a.web.servlet.WelcomePageHandlerMapping - Adding welcome page template: index
2020-09-23 22:21:36.586 [main] INFO  s.d.s.web.plugins.DocumentationPluginsBootstrapper - Context refreshed
2020-09-23 22:21:36.626 [main] INFO  s.d.s.web.plugins.DocumentationPluginsBootstrapper - Found 1 custom documentation plugin(s)
2020-09-23 22:21:36.697 [main] INFO  s.d.spring.web.scanners.ApiListingReferenceScanner - Scanning for api listing references
2020-09-23 22:21:37.107 [main] INFO  s.d.s.w.r.operation.CachingOperationNameGenerator - Generating unique operation named: loginDoUsingPOST_1
2020-09-23 22:21:37.226 [main] INFO  org.apache.coyote.http11.Http11NioProtocol - Starting ProtocolHandler ["http-nio-8080"]
2020-09-23 22:21:37.277 [main] INFO  o.a.c.c.C.[Tomcat].[localhost].[/xxl-job-admin] - Initializing Spring DispatcherServlet 'dispatcherServlet'
2020-09-23 22:21:37.277 [main] INFO  org.springframework.web.servlet.DispatcherServlet - Initializing Servlet 'dispatcherServlet'
2020-09-23 22:21:37.307 [main] INFO  org.springframework.web.servlet.DispatcherServlet - Completed initialization in 30 ms
2020-09-23 22:21:37.317 [main] INFO  o.s.boot.web.embedded.tomcat.TomcatWebServer - Tomcat started on port(s): 8080 (http) with context path '/xxl-job-admin'
2020-09-23 22:21:37.327 [main] INFO  com.spring.demo.SpringbootDemoApplication - Started SpringbootDemoApplication in 10.445 seconds (JVM running for 14.544)
2020-09-23 22:23:05.842 [SpringContextShutdownHook] INFO  o.s.scheduling.concurrent.ThreadPoolTaskExecutor - Shutting down ExecutorService 'applicationTaskExecutor'
2020-09-23 22:23:22.851 [main] INFO  com.spring.demo.SpringbootDemoApplication - Starting SpringbootDemoApplication on LAPTOP-2DJBECLD with PID 21752 (E:\Development\java_project\springboot_items\springboot_demo\target\classes started by asus in E:\Development\java_project\springboot_items)
2020-09-23 22:23:22.867 [main] INFO  com.spring.demo.SpringbootDemoApplication - No active profile set, falling back to default profiles: default
2020-09-23 22:23:27.155 [main] INFO  o.s.boot.web.embedded.tomcat.TomcatWebServer - Tomcat initialized with port(s): 8080 (http)
2020-09-23 22:23:27.177 [main] INFO  org.apache.coyote.http11.Http11NioProtocol - Initializing ProtocolHandler ["http-nio-8080"]
2020-09-23 22:23:27.177 [main] INFO  org.apache.catalina.core.StandardService - Starting service [Tomcat]
2020-09-23 22:23:27.177 [main] INFO  org.apache.catalina.core.StandardEngine - Starting Servlet engine: [Apache Tomcat/9.0.31]
2020-09-23 22:23:27.458 [main] INFO  o.a.c.c.C.[Tomcat].[localhost].[/xxl-job-admin] - Initializing Spring embedded WebApplicationContext
2020-09-23 22:23:27.458 [main] INFO  org.springframework.web.context.ContextLoader - Root WebApplicationContext: initialization completed in 4397 ms
2020-09-23 22:23:27.519 [main] INFO  c.spring.demo.datasource_config.DruidConfiguration - druid初始化成功!
2020-09-23 22:23:27.986 [main] ERROR com.alibaba.druid.filter.FilterManager - load filter error, filter not found : logback
2020-09-23 22:23:29.736 [main] INFO  s.d.s.w.PropertySourcedRequestMappingHandlerMapping - Mapped URL path [/v2/api-docs] onto method [springfox.documentation.swagger2.web.Swagger2Controller#getDocumentation(String, HttpServletRequest)]
2020-09-23 22:23:29.789 [main] ERROR com.alibaba.druid.filter.FilterManager - load filter error, filter not found : logback
2020-09-23 22:23:30.397 [main] INFO  o.s.scheduling.concurrent.ThreadPoolTaskExecutor - Initializing ExecutorService 'applicationTaskExecutor'
2020-09-23 22:23:30.627 [main] INFO  o.s.b.a.web.servlet.WelcomePageHandlerMapping - Adding welcome page template: index
2020-09-23 22:23:31.377 [main] INFO  s.d.s.web.plugins.DocumentationPluginsBootstrapper - Context refreshed
2020-09-23 22:23:31.407 [main] INFO  s.d.s.web.plugins.DocumentationPluginsBootstrapper - Found 1 custom documentation plugin(s)
2020-09-23 22:23:31.477 [main] INFO  s.d.spring.web.scanners.ApiListingReferenceScanner - Scanning for api listing references
2020-09-23 22:23:31.866 [main] INFO  s.d.s.w.r.operation.CachingOperationNameGenerator - Generating unique operation named: loginDoUsingPOST_1
2020-09-23 22:23:31.996 [main] INFO  org.apache.coyote.http11.Http11NioProtocol - Starting ProtocolHandler ["http-nio-8080"]
2020-09-23 22:23:32.046 [main] INFO  o.a.c.c.C.[Tomcat].[localhost].[/xxl-job-admin] - Initializing Spring DispatcherServlet 'dispatcherServlet'
2020-09-23 22:23:32.046 [main] INFO  org.springframework.web.servlet.DispatcherServlet - Initializing Servlet 'dispatcherServlet'
2020-09-23 22:23:32.067 [main] INFO  org.springframework.web.servlet.DispatcherServlet - Completed initialization in 21 ms
2020-09-23 22:23:32.087 [main] INFO  o.s.boot.web.embedded.tomcat.TomcatWebServer - Tomcat started on port(s): 8080 (http) with context path '/xxl-job-admin'
2020-09-23 22:23:32.101 [main] INFO  com.spring.demo.SpringbootDemoApplication - Started SpringbootDemoApplication in 11.042 seconds (JVM running for 15.427)
2020-09-23 22:58:24.532 [SpringContextShutdownHook] INFO  o.s.scheduling.concurrent.ThreadPoolTaskExecutor - Shutting down ExecutorService 'applicationTaskExecutor'
2020-09-23 22:58:39.044 [main] INFO  com.spring.demo.SpringbootDemoApplication - Starting SpringbootDemoApplication on LAPTOP-2DJBECLD with PID 6180 (E:\Development\java_project\springboot_items\springboot_demo\target\classes started by asus in E:\Development\java_project\springboot_items)
2020-09-23 22:58:39.050 [main] INFO  com.spring.demo.SpringbootDemoApplication - No active profile set, falling back to default profiles: default
2020-09-23 22:58:42.741 [main] INFO  o.s.boot.web.embedded.tomcat.TomcatWebServer - Tomcat initialized with port(s): 8080 (http)
2020-09-23 22:58:42.766 [main] INFO  org.apache.coyote.http11.Http11NioProtocol - Initializing ProtocolHandler ["http-nio-8080"]
2020-09-23 22:58:42.767 [main] INFO  org.apache.catalina.core.StandardService - Starting service [Tomcat]
2020-09-23 22:58:42.768 [main] INFO  org.apache.catalina.core.StandardEngine - Starting Servlet engine: [Apache Tomcat/9.0.31]
2020-09-23 22:58:43.081 [main] INFO  o.a.c.c.C.[Tomcat].[localhost].[/xxl-job-admin] - Initializing Spring embedded WebApplicationContext
2020-09-23 22:58:43.082 [main] INFO  org.springframework.web.context.ContextLoader - Root WebApplicationContext: initialization completed in 3873 ms
2020-09-23 22:58:43.145 [main] INFO  c.spring.demo.datasource_config.DruidConfiguration - druid初始化成功!
2020-09-23 22:58:43.549 [main] ERROR com.alibaba.druid.filter.FilterManager - load filter error, filter not found : logback
2020-09-23 22:58:45.497 [main] INFO  s.d.s.w.PropertySourcedRequestMappingHandlerMapping - Mapped URL path [/v2/api-docs] onto method [springfox.documentation.swagger2.web.Swagger2Controller#getDocumentation(String, HttpServletRequest)]
2020-09-23 22:58:45.542 [main] ERROR com.alibaba.druid.filter.FilterManager - load filter error, filter not found : logback
2020-09-23 22:58:46.217 [main] INFO  o.s.scheduling.concurrent.ThreadPoolTaskExecutor - Initializing ExecutorService 'applicationTaskExecutor'
2020-09-23 22:58:46.590 [main] INFO  o.s.b.a.web.servlet.WelcomePageHandlerMapping - Adding welcome page template: index
2020-09-23 22:58:47.507 [main] INFO  s.d.s.web.plugins.DocumentationPluginsBootstrapper - Context refreshed
2020-09-23 22:58:47.543 [main] INFO  s.d.s.web.plugins.DocumentationPluginsBootstrapper - Found 1 custom documentation plugin(s)
2020-09-23 22:58:47.616 [main] INFO  s.d.spring.web.scanners.ApiListingReferenceScanner - Scanning for api listing references
2020-09-23 22:58:48.074 [main] INFO  s.d.s.w.r.operation.CachingOperationNameGenerator - Generating unique operation named: loginDoUsingPOST_1
2020-09-23 22:58:48.224 [main] INFO  org.apache.coyote.http11.Http11NioProtocol - Starting ProtocolHandler ["http-nio-8080"]
2020-09-23 22:58:48.279 [main] INFO  o.a.c.c.C.[Tomcat].[localhost].[/xxl-job-admin] - Initializing Spring DispatcherServlet 'dispatcherServlet'
2020-09-23 22:58:48.280 [main] INFO  org.springframework.web.servlet.DispatcherServlet - Initializing Servlet 'dispatcherServlet'
2020-09-23 22:58:48.311 [main] INFO  org.springframework.web.servlet.DispatcherServlet - Completed initialization in 31 ms
2020-09-23 22:58:48.324 [main] INFO  o.s.boot.web.embedded.tomcat.TomcatWebServer - Tomcat started on port(s): 8080 (http) with context path '/xxl-job-admin'
2020-09-23 22:58:48.336 [main] INFO  com.spring.demo.SpringbootDemoApplication - Started SpringbootDemoApplication in 10.51 seconds (JVM running for 14.146)
2020-09-23 22:58:57.326 [SpringContextShutdownHook] INFO  o.s.scheduling.concurrent.ThreadPoolTaskExecutor - Shutting down ExecutorService 'applicationTaskExecutor'
2020-09-23 23:01:20.670 [main] INFO  com.spring.demo.SpringbootDemoApplication - Starting SpringbootDemoApplication on LAPTOP-2DJBECLD with PID 13936 (E:\Development\java_project\springboot_items\springboot_demo\target\classes started by asus in E:\Development\java_project\springboot_items)
2020-09-23 23:01:20.675 [main] INFO  com.spring.demo.SpringbootDemoApplication - No active profile set, falling back to default profiles: default
2020-09-23 23:01:24.024 [main] INFO  o.s.boot.web.embedded.tomcat.TomcatWebServer - Tomcat initialized with port(s): 8080 (http)
2020-09-23 23:01:24.047 [main] INFO  org.apache.coyote.http11.Http11NioProtocol - Initializing ProtocolHandler ["http-nio-8080"]
2020-09-23 23:01:24.048 [main] INFO  org.apache.catalina.core.StandardService - Starting service [Tomcat]
2020-09-23 23:01:24.049 [main] INFO  org.apache.catalina.core.StandardEngine - Starting Servlet engine: [Apache Tomcat/9.0.31]
2020-09-23 23:01:24.322 [main] INFO  o.a.c.c.C.[Tomcat].[localhost].[/xxl-job-admin] - Initializing Spring embedded WebApplicationContext
2020-09-23 23:01:24.323 [main] INFO  org.springframework.web.context.ContextLoader - Root WebApplicationContext: initialization completed in 3536 ms
2020-09-23 23:01:24.410 [main] INFO  c.spring.demo.datasource_config.DruidConfiguration - druid初始化成功!
2020-09-23 23:01:24.792 [main] ERROR com.alibaba.druid.filter.FilterManager - load filter error, filter not found : logback
2020-09-23 23:01:26.767 [main] INFO  s.d.s.w.PropertySourcedRequestMappingHandlerMapping - Mapped URL path [/v2/api-docs] onto method [springfox.documentation.swagger2.web.Swagger2Controller#getDocumentation(String, HttpServletRequest)]
2020-09-23 23:01:26.820 [main] ERROR com.alibaba.druid.filter.FilterManager - load filter error, filter not found : logback
2020-09-23 23:01:27.512 [main] INFO  o.s.scheduling.concurrent.ThreadPoolTaskExecutor - Initializing ExecutorService 'applicationTaskExecutor'
2020-09-23 23:01:27.827 [main] INFO  o.s.b.a.web.servlet.WelcomePageHandlerMapping - Adding welcome page template: index
2020-09-23 23:01:28.621 [main] INFO  s.d.s.web.plugins.DocumentationPluginsBootstrapper - Context refreshed
2020-09-23 23:01:28.659 [main] INFO  s.d.s.web.plugins.DocumentationPluginsBootstrapper - Found 1 custom documentation plugin(s)
2020-09-23 23:01:28.736 [main] INFO  s.d.spring.web.scanners.ApiListingReferenceScanner - Scanning for api listing references
2020-09-23 23:01:29.233 [main] INFO  s.d.s.w.r.operation.CachingOperationNameGenerator - Generating unique operation named: loginDoUsingPOST_1
2020-09-23 23:01:29.368 [main] INFO  org.apache.coyote.http11.Http11NioProtocol - Starting ProtocolHandler ["http-nio-8080"]
2020-09-23 23:01:29.422 [main] INFO  o.a.c.c.C.[Tomcat].[localhost].[/xxl-job-admin] - Initializing Spring DispatcherServlet 'dispatcherServlet'
2020-09-23 23:01:29.423 [main] INFO  org.springframework.web.servlet.DispatcherServlet - Initializing Servlet 'dispatcherServlet'
2020-09-23 23:01:29.453 [main] INFO  org.springframework.web.servlet.DispatcherServlet - Completed initialization in 30 ms
2020-09-23 23:01:29.464 [main] INFO  o.s.boot.web.embedded.tomcat.TomcatWebServer - Tomcat started on port(s): 8080 (http) with context path '/xxl-job-admin'
2020-09-23 23:01:29.475 [main] INFO  com.spring.demo.SpringbootDemoApplication - Started SpringbootDemoApplication in 10.164 seconds (JVM running for 13.167)
2020-09-23 23:09:13.841 [SpringContextShutdownHook] INFO  o.s.scheduling.concurrent.ThreadPoolTaskExecutor - Shutting down ExecutorService 'applicationTaskExecutor'
2020-09-23 23:09:27.630 [main] INFO  com.spring.demo.SpringbootDemoApplication - Starting SpringbootDemoApplication on LAPTOP-2DJBECLD with PID 2992 (E:\Development\java_project\springboot_items\springboot_demo\target\classes started by asus in E:\Development\java_project\springboot_items)
2020-09-23 23:09:27.635 [main] INFO  com.spring.demo.SpringbootDemoApplication - No active profile set, falling back to default profiles: default
2020-09-23 23:09:30.532 [main] INFO  o.s.boot.web.embedded.tomcat.TomcatWebServer - Tomcat initialized with port(s): 8080 (http)
2020-09-23 23:09:30.558 [main] INFO  org.apache.coyote.http11.Http11NioProtocol - Initializing ProtocolHandler ["http-nio-8080"]
2020-09-23 23:09:30.561 [main] INFO  org.apache.catalina.core.StandardService - Starting service [Tomcat]
2020-09-23 23:09:30.563 [main] INFO  org.apache.catalina.core.StandardEngine - Starting Servlet engine: [Apache Tomcat/9.0.31]
2020-09-23 23:09:30.946 [main] INFO  o.a.c.c.C.[Tomcat].[localhost].[/xxl-job-admin] - Initializing Spring embedded WebApplicationContext
2020-09-23 23:09:30.947 [main] INFO  org.springframework.web.context.ContextLoader - Root WebApplicationContext: initialization completed in 3231 ms
2020-09-23 23:09:31.002 [main] INFO  c.spring.demo.datasource_config.DruidConfiguration - druid初始化成功!
2020-09-23 23:09:31.381 [main] ERROR com.alibaba.druid.filter.FilterManager - load filter error, filter not found : logback
2020-09-23 23:09:33.191 [main] INFO  s.d.s.w.PropertySourcedRequestMappingHandlerMapping - Mapped URL path [/v2/api-docs] onto method [springfox.documentation.swagger2.web.Swagger2Controller#getDocumentation(String, HttpServletRequest)]
2020-09-23 23:09:33.265 [main] ERROR com.alibaba.druid.filter.FilterManager - load filter error, filter not found : logback
2020-09-23 23:09:33.887 [main] INFO  o.s.scheduling.concurrent.ThreadPoolTaskExecutor - Initializing ExecutorService 'applicationTaskExecutor'
2020-09-23 23:09:34.121 [main] INFO  o.s.b.a.web.servlet.WelcomePageHandlerMapping - Adding welcome page template: index
2020-09-23 23:09:34.903 [main] INFO  s.d.s.web.plugins.DocumentationPluginsBootstrapper - Context refreshed
2020-09-23 23:09:34.941 [main] INFO  s.d.s.web.plugins.DocumentationPluginsBootstrapper - Found 1 custom documentation plugin(s)
2020-09-23 23:09:35.016 [main] INFO  s.d.spring.web.scanners.ApiListingReferenceScanner - Scanning for api listing references
2020-09-23 23:09:35.484 [main] INFO  s.d.s.w.r.operation.CachingOperationNameGenerator - Generating unique operation named: loginDoUsingPOST_1
2020-09-23 23:09:35.622 [main] INFO  org.apache.coyote.http11.Http11NioProtocol - Starting ProtocolHandler ["http-nio-8080"]
2020-09-23 23:09:35.677 [main] INFO  o.a.c.c.C.[Tomcat].[localhost].[/xxl-job-admin] - Initializing Spring DispatcherServlet 'dispatcherServlet'
2020-09-23 23:09:35.677 [main] INFO  org.springframework.web.servlet.DispatcherServlet - Initializing Servlet 'dispatcherServlet'
2020-09-23 23:09:35.706 [main] INFO  org.springframework.web.servlet.DispatcherServlet - Completed initialization in 28 ms
2020-09-23 23:09:35.718 [main] INFO  o.s.boot.web.embedded.tomcat.TomcatWebServer - Tomcat started on port(s): 8080 (http) with context path '/xxl-job-admin'
2020-09-23 23:09:35.730 [main] INFO  com.spring.demo.SpringbootDemoApplication - Started SpringbootDemoApplication in 9.268 seconds (JVM running for 12.668)
2020-09-23 23:18:31.300 [SpringContextShutdownHook] INFO  o.s.scheduling.concurrent.ThreadPoolTaskExecutor - Shutting down ExecutorService 'applicationTaskExecutor'
2020-09-23 23:18:46.388 [main] INFO  com.spring.demo.SpringbootDemoApplication - Starting SpringbootDemoApplication on LAPTOP-2DJBECLD with PID 8696 (E:\Development\java_project\springboot_items\springboot_demo\target\classes started by asus in E:\Development\java_project\springboot_items)
2020-09-23 23:18:46.394 [main] INFO  com.spring.demo.SpringbootDemoApplication - No active profile set, falling back to default profiles: default
2020-09-23 23:18:49.736 [main] INFO  o.s.boot.web.embedded.tomcat.TomcatWebServer - Tomcat initialized with port(s): 8080 (http)
2020-09-23 23:18:49.759 [main] INFO  org.apache.coyote.http11.Http11NioProtocol - Initializing ProtocolHandler ["http-nio-8080"]
2020-09-23 23:18:49.761 [main] INFO  org.apache.catalina.core.StandardService - Starting service [Tomcat]
2020-09-23 23:18:49.761 [main] INFO  org.apache.catalina.core.StandardEngine - Starting Servlet engine: [Apache Tomcat/9.0.31]
2020-09-23 23:18:50.085 [main] INFO  o.a.c.c.C.[Tomcat].[localhost].[/xxl-job-admin] - Initializing Spring embedded WebApplicationContext
2020-09-23 23:18:50.086 [main] INFO  org.springframework.web.context.ContextLoader - Root WebApplicationContext: initialization completed in 3605 ms
2020-09-23 23:18:50.147 [main] INFO  c.spring.demo.datasource_config.DruidConfiguration - druid初始化成功!
2020-09-23 23:18:50.486 [main] ERROR com.alibaba.druid.filter.FilterManager - load filter error, filter not found : logback
2020-09-23 23:18:52.327 [main] INFO  s.d.s.w.PropertySourcedRequestMappingHandlerMapping - Mapped URL path [/v2/api-docs] onto method [springfox.documentation.swagger2.web.Swagger2Controller#getDocumentation(String, HttpServletRequest)]
2020-09-23 23:18:52.370 [main] ERROR com.alibaba.druid.filter.FilterManager - load filter error, filter not found : logback
2020-09-23 23:18:52.974 [main] INFO  o.s.scheduling.concurrent.ThreadPoolTaskExecutor - Initializing ExecutorService 'applicationTaskExecutor'
2020-09-23 23:18:53.275 [main] INFO  o.s.b.a.web.servlet.WelcomePageHandlerMapping - Adding welcome page template: index
2020-09-23 23:18:54.028 [main] INFO  s.d.s.web.plugins.DocumentationPluginsBootstrapper - Context refreshed
2020-09-23 23:18:54.066 [main] INFO  s.d.s.web.plugins.DocumentationPluginsBootstrapper - Found 1 custom documentation plugin(s)
2020-09-23 23:18:54.136 [main] INFO  s.d.spring.web.scanners.ApiListingReferenceScanner - Scanning for api listing references
2020-09-23 23:18:54.590 [main] INFO  s.d.s.w.r.operation.CachingOperationNameGenerator - Generating unique operation named: loginDoUsingPOST_1
2020-09-23 23:18:54.764 [main] INFO  org.apache.coyote.http11.Http11NioProtocol - Starting ProtocolHandler ["http-nio-8080"]
2020-09-23 23:18:54.819 [main] INFO  o.a.c.c.C.[Tomcat].[localhost].[/xxl-job-admin] - Initializing Spring DispatcherServlet 'dispatcherServlet'
2020-09-23 23:18:54.819 [main] INFO  org.springframework.web.servlet.DispatcherServlet - Initializing Servlet 'dispatcherServlet'
2020-09-23 23:18:54.846 [main] INFO  org.springframework.web.servlet.DispatcherServlet - Completed initialization in 27 ms
2020-09-23 23:18:54.858 [main] INFO  o.s.boot.web.embedded.tomcat.TomcatWebServer - Tomcat started on port(s): 8080 (http) with context path '/xxl-job-admin'
2020-09-23 23:18:54.869 [main] INFO  com.spring.demo.SpringbootDemoApplication - Started SpringbootDemoApplication in 10.007 seconds (JVM running for 13.877)
2020-09-23 23:20:09.190 [SpringContextShutdownHook] INFO  o.s.scheduling.concurrent.ThreadPoolTaskExecutor - Shutting down ExecutorService 'applicationTaskExecutor'
2020-09-23 23:20:22.631 [main] INFO  com.spring.demo.SpringbootDemoApplication - Starting SpringbootDemoApplication on LAPTOP-2DJBECLD with PID 15568 (E:\Development\java_project\springboot_items\springboot_demo\target\classes started by asus in E:\Development\java_project\springboot_items)
2020-09-23 23:20:22.635 [main] INFO  com.spring.demo.SpringbootDemoApplication - No active profile set, falling back to default profiles: default
2020-09-23 23:20:26.072 [main] INFO  o.s.boot.web.embedded.tomcat.TomcatWebServer - Tomcat initialized with port(s): 8080 (http)
2020-09-23 23:20:26.100 [main] INFO  org.apache.coyote.http11.Http11NioProtocol - Initializing ProtocolHandler ["http-nio-8080"]
2020-09-23 23:20:26.101 [main] INFO  org.apache.catalina.core.StandardService - Starting service [Tomcat]
2020-09-23 23:20:26.102 [main] INFO  org.apache.catalina.core.StandardEngine - Starting Servlet engine: [Apache Tomcat/9.0.31]
2020-09-23 23:20:26.398 [main] INFO  o.a.c.c.C.[Tomcat].[localhost].[/xxl-job-admin] - Initializing Spring embedded WebApplicationContext
2020-09-23 23:20:26.399 [main] INFO  org.springframework.web.context.ContextLoader - Root WebApplicationContext: initialization completed in 3675 ms
2020-09-23 23:20:26.453 [main] INFO  c.spring.demo.datasource_config.DruidConfiguration - druid初始化成功!
2020-09-23 23:20:26.823 [main] ERROR com.alibaba.druid.filter.FilterManager - load filter error, filter not found : logback
2020-09-23 23:20:28.768 [main] INFO  s.d.s.w.PropertySourcedRequestMappingHandlerMapping - Mapped URL path [/v2/api-docs] onto method [springfox.documentation.swagger2.web.Swagger2Controller#getDocumentation(String, HttpServletRequest)]
2020-09-23 23:20:28.814 [main] ERROR com.alibaba.druid.filter.FilterManager - load filter error, filter not found : logback
2020-09-23 23:20:29.436 [main] INFO  o.s.scheduling.concurrent.ThreadPoolTaskExecutor - Initializing ExecutorService 'applicationTaskExecutor'
2020-09-23 23:20:29.676 [main] INFO  o.s.b.a.web.servlet.WelcomePageHandlerMapping - Adding welcome page template: index
2020-09-23 23:20:30.517 [main] INFO  s.d.s.web.plugins.DocumentationPluginsBootstrapper - Context refreshed
2020-09-23 23:20:30.555 [main] INFO  s.d.s.web.plugins.DocumentationPluginsBootstrapper - Found 1 custom documentation plugin(s)
2020-09-23 23:20:30.630 [main] INFO  s.d.spring.web.scanners.ApiListingReferenceScanner - Scanning for api listing references
2020-09-23 23:20:31.060 [main] INFO  s.d.s.w.r.operation.CachingOperationNameGenerator - Generating unique operation named: loginDoUsingPOST_1
2020-09-23 23:20:31.202 [main] INFO  org.apache.coyote.http11.Http11NioProtocol - Starting ProtocolHandler ["http-nio-8080"]
2020-09-23 23:20:31.255 [main] INFO  o.a.c.c.C.[Tomcat].[localhost].[/xxl-job-admin] - Initializing Spring DispatcherServlet 'dispatcherServlet'
2020-09-23 23:20:31.256 [main] INFO  org.springframework.web.servlet.DispatcherServlet - Initializing Servlet 'dispatcherServlet'
2020-09-23 23:20:31.285 [main] INFO  org.springframework.web.servlet.DispatcherServlet - Completed initialization in 29 ms
2020-09-23 23:20:31.297 [main] INFO  o.s.boot.web.embedded.tomcat.TomcatWebServer - Tomcat started on port(s): 8080 (http) with context path '/xxl-job-admin'
2020-09-23 23:20:31.308 [main] INFO  com.spring.demo.SpringbootDemoApplication - Started SpringbootDemoApplication in 9.874 seconds (JVM running for 12.806)
2020-09-23 23:22:44.129 [SpringContextShutdownHook] INFO  o.s.scheduling.concurrent.ThreadPoolTaskExecutor - Shutting down ExecutorService 'applicationTaskExecutor'
2020-09-23 23:22:58.822 [main] INFO  com.spring.demo.SpringbootDemoApplication - Starting SpringbootDemoApplication on LAPTOP-2DJBECLD with PID 15848 (E:\Development\java_project\springboot_items\springboot_demo\target\classes started by asus in E:\Development\java_project\springboot_items)
2020-09-23 23:22:58.828 [main] INFO  com.spring.demo.SpringbootDemoApplication - No active profile set, falling back to default profiles: default
2020-09-23 23:23:02.207 [main] INFO  o.s.boot.web.embedded.tomcat.TomcatWebServer - Tomcat initialized with port(s): 8080 (http)
2020-09-23 23:23:02.232 [main] INFO  org.apache.coyote.http11.Http11NioProtocol - Initializing ProtocolHandler ["http-nio-8080"]
2020-09-23 23:23:02.233 [main] INFO  org.apache.catalina.core.StandardService - Starting service [Tomcat]
2020-09-23 23:23:02.234 [main] INFO  org.apache.catalina.core.StandardEngine - Starting Servlet engine: [Apache Tomcat/9.0.31]
2020-09-23 23:23:02.523 [main] INFO  o.a.c.c.C.[Tomcat].[localhost].[/xxl-job-admin] - Initializing Spring embedded WebApplicationContext
2020-09-23 23:23:02.524 [main] INFO  org.springframework.web.context.ContextLoader - Root WebApplicationContext: initialization completed in 3615 ms
2020-09-23 23:23:02.584 [main] INFO  c.spring.demo.datasource_config.DruidConfiguration - druid初始化成功!
2020-09-23 23:23:03.039 [main] ERROR com.alibaba.druid.filter.FilterManager - load filter error, filter not found : logback
2020-09-23 23:23:05.217 [main] INFO  s.d.s.w.PropertySourcedRequestMappingHandlerMapping - Mapped URL path [/v2/api-docs] onto method [springfox.documentation.swagger2.web.Swagger2Controller#getDocumentation(String, HttpServletRequest)]
2020-09-23 23:23:05.265 [main] ERROR com.alibaba.druid.filter.FilterManager - load filter error, filter not found : logback
2020-09-23 23:23:05.908 [main] INFO  o.s.scheduling.concurrent.ThreadPoolTaskExecutor - Initializing ExecutorService 'applicationTaskExecutor'
2020-09-23 23:23:06.151 [main] INFO  o.s.b.a.web.servlet.WelcomePageHandlerMapping - Adding welcome page template: index
2020-09-23 23:23:06.961 [main] INFO  s.d.s.web.plugins.DocumentationPluginsBootstrapper - Context refreshed
2020-09-23 23:23:07.005 [main] INFO  s.d.s.web.plugins.DocumentationPluginsBootstrapper - Found 1 custom documentation plugin(s)
2020-09-23 23:23:07.088 [main] INFO  s.d.spring.web.scanners.ApiListingReferenceScanner - Scanning for api listing references
2020-09-23 23:23:07.564 [main] INFO  s.d.s.w.r.operation.CachingOperationNameGenerator - Generating unique operation named: loginDoUsingPOST_1
2020-09-23 23:23:07.700 [main] INFO  org.apache.coyote.http11.Http11NioProtocol - Starting ProtocolHandler ["http-nio-8080"]
2020-09-23 23:23:07.752 [main] INFO  o.a.c.c.C.[Tomcat].[localhost].[/xxl-job-admin] - Initializing Spring DispatcherServlet 'dispatcherServlet'
2020-09-23 23:23:07.753 [main] INFO  org.springframework.web.servlet.DispatcherServlet - Initializing Servlet 'dispatcherServlet'
2020-09-23 23:23:07.780 [main] INFO  org.springframework.web.servlet.DispatcherServlet - Completed initialization in 26 ms
2020-09-23 23:23:07.795 [main] INFO  o.s.boot.web.embedded.tomcat.TomcatWebServer - Tomcat started on port(s): 8080 (http) with context path '/xxl-job-admin'
2020-09-23 23:23:07.809 [main] INFO  com.spring.demo.SpringbootDemoApplication - Started SpringbootDemoApplication in 10.332 seconds (JVM running for 14.404)
2020-09-23 23:23:21.509 [SpringContextShutdownHook] INFO  o.s.scheduling.concurrent.ThreadPoolTaskExecutor - Shutting down ExecutorService 'applicationTaskExecutor'
2020-09-23 23:23:34.716 [main] INFO  com.spring.demo.SpringbootDemoApplication - Starting SpringbootDemoApplication on LAPTOP-2DJBECLD with PID 11064 (E:\Development\java_project\springboot_items\springboot_demo\target\classes started by asus in E:\Development\java_project\springboot_items)
2020-09-23 23:23:34.721 [main] INFO  com.spring.demo.SpringbootDemoApplication - No active profile set, falling back to default profiles: default
2020-09-23 23:23:38.452 [main] INFO  o.s.boot.web.embedded.tomcat.TomcatWebServer - Tomcat initialized with port(s): 8080 (http)
2020-09-23 23:23:38.475 [main] INFO  org.apache.coyote.http11.Http11NioProtocol - Initializing ProtocolHandler ["http-nio-8080"]
2020-09-23 23:23:38.476 [main] INFO  org.apache.catalina.core.StandardService - Starting service [Tomcat]
2020-09-23 23:23:38.477 [main] INFO  org.apache.catalina.core.StandardEngine - Starting Servlet engine: [Apache Tomcat/9.0.31]
2020-09-23 23:23:38.773 [main] INFO  o.a.c.c.C.[Tomcat].[localhost].[/xxl-job-admin] - Initializing Spring embedded WebApplicationContext
2020-09-23 23:23:38.773 [main] INFO  org.springframework.web.context.ContextLoader - Root WebApplicationContext: initialization completed in 3931 ms
2020-09-23 23:23:38.834 [main] INFO  c.spring.demo.datasource_config.DruidConfiguration - druid初始化成功!
2020-09-23 23:23:39.204 [main] ERROR com.alibaba.druid.filter.FilterManager - load filter error, filter not found : logback
2020-09-23 23:23:41.026 [main] INFO  s.d.s.w.PropertySourcedRequestMappingHandlerMapping - Mapped URL path [/v2/api-docs] onto method [springfox.documentation.swagger2.web.Swagger2Controller#getDocumentation(String, HttpServletRequest)]
2020-09-23 23:23:41.069 [main] ERROR com.alibaba.druid.filter.FilterManager - load filter error, filter not found : logback
2020-09-23 23:23:41.748 [main] INFO  o.s.scheduling.concurrent.ThreadPoolTaskExecutor - Initializing ExecutorService 'applicationTaskExecutor'
2020-09-23 23:23:42.010 [main] INFO  o.s.b.a.web.servlet.WelcomePageHandlerMapping - Adding welcome page template: index
2020-09-23 23:23:42.794 [main] INFO  s.d.s.web.plugins.DocumentationPluginsBootstrapper - Context refreshed
2020-09-23 23:23:42.833 [main] INFO  s.d.s.web.plugins.DocumentationPluginsBootstrapper - Found 1 custom documentation plugin(s)
2020-09-23 23:23:42.905 [main] INFO  s.d.spring.web.scanners.ApiListingReferenceScanner - Scanning for api listing references
2020-09-23 23:23:43.364 [main] INFO  s.d.s.w.r.operation.CachingOperationNameGenerator - Generating unique operation named: loginDoUsingPOST_1
2020-09-23 23:23:43.524 [main] INFO  org.apache.coyote.http11.Http11NioProtocol - Starting ProtocolHandler ["http-nio-8080"]
2020-09-23 23:23:43.587 [main] INFO  o.a.c.c.C.[Tomcat].[localhost].[/xxl-job-admin] - Initializing Spring DispatcherServlet 'dispatcherServlet'
2020-09-23 23:23:43.587 [main] INFO  org.springframework.web.servlet.DispatcherServlet - Initializing Servlet 'dispatcherServlet'
2020-09-23 23:23:43.637 [main] INFO  org.springframework.web.servlet.DispatcherServlet - Completed initialization in 49 ms
2020-09-23 23:23:43.654 [main] INFO  o.s.boot.web.embedded.tomcat.TomcatWebServer - Tomcat started on port(s): 8080 (http) with context path '/xxl-job-admin'
2020-09-23 23:23:43.669 [main] INFO  com.spring.demo.SpringbootDemoApplication - Started SpringbootDemoApplication in 10.311 seconds (JVM running for 13.108)
2020-09-23 23:28:08.554 [SpringContextShutdownHook] INFO  o.s.scheduling.concurrent.ThreadPoolTaskExecutor - Shutting down ExecutorService 'applicationTaskExecutor'
2020-09-23 23:28:23.721 [main] INFO  com.spring.demo.SpringbootDemoApplication - Starting SpringbootDemoApplication on LAPTOP-2DJBECLD with PID 9660 (E:\Development\java_project\springboot_items\springboot_demo\target\classes started by asus in E:\Development\java_project\springboot_items)
2020-09-23 23:28:23.727 [main] INFO  com.spring.demo.SpringbootDemoApplication - No active profile set, falling back to default profiles: default
2020-09-23 23:28:27.217 [main] INFO  o.s.boot.web.embedded.tomcat.TomcatWebServer - Tomcat initialized with port(s): 8080 (http)
2020-09-23 23:28:27.239 [main] INFO  org.apache.coyote.http11.Http11NioProtocol - Initializing ProtocolHandler ["http-nio-8080"]
2020-09-23 23:28:27.241 [main] INFO  org.apache.catalina.core.StandardService - Starting service [Tomcat]
2020-09-23 23:28:27.241 [main] INFO  org.apache.catalina.core.StandardEngine - Starting Servlet engine: [Apache Tomcat/9.0.31]
2020-09-23 23:28:27.518 [main] INFO  o.a.c.c.C.[Tomcat].[localhost].[/xxl-job-admin] - Initializing Spring embedded WebApplicationContext
2020-09-23 23:28:27.519 [main] INFO  org.springframework.web.context.ContextLoader - Root WebApplicationContext: initialization completed in 3690 ms
2020-09-23 23:28:27.572 [main] INFO  c.spring.demo.datasource_config.DruidConfiguration - druid初始化成功!
2020-09-23 23:28:28.040 [main] ERROR com.alibaba.druid.filter.FilterManager - load filter error, filter not found : logback
2020-09-23 23:28:29.744 [main] INFO  s.d.s.w.PropertySourcedRequestMappingHandlerMapping - Mapped URL path [/v2/api-docs] onto method [springfox.documentation.swagger2.web.Swagger2Controller#getDocumentation(String, HttpServletRequest)]
2020-09-23 23:28:29.786 [main] ERROR com.alibaba.druid.filter.FilterManager - load filter error, filter not found : logback
2020-09-23 23:28:30.439 [main] INFO  o.s.scheduling.concurrent.ThreadPoolTaskExecutor - Initializing ExecutorService 'applicationTaskExecutor'
2020-09-23 23:28:30.695 [main] INFO  o.s.b.a.web.servlet.WelcomePageHandlerMapping - Adding welcome page template: index
2020-09-23 23:28:31.479 [main] INFO  s.d.s.web.plugins.DocumentationPluginsBootstrapper - Context refreshed
2020-09-23 23:28:31.517 [main] INFO  s.d.s.web.plugins.DocumentationPluginsBootstrapper - Found 1 custom documentation plugin(s)
2020-09-23 23:28:31.591 [main] INFO  s.d.spring.web.scanners.ApiListingReferenceScanner - Scanning for api listing references
2020-09-23 23:28:32.012 [main] INFO  s.d.s.w.r.operation.CachingOperationNameGenerator - Generating unique operation named: loginDoUsingPOST_1
2020-09-23 23:28:32.151 [main] INFO  org.apache.coyote.http11.Http11NioProtocol - Starting ProtocolHandler ["http-nio-8080"]
2020-09-23 23:28:32.204 [main] INFO  o.a.c.c.C.[Tomcat].[localhost].[/xxl-job-admin] - Initializing Spring DispatcherServlet 'dispatcherServlet'
2020-09-23 23:28:32.205 [main] INFO  org.springframework.web.servlet.DispatcherServlet - Initializing Servlet 'dispatcherServlet'
2020-09-23 23:28:32.233 [main] INFO  org.springframework.web.servlet.DispatcherServlet - Completed initialization in 28 ms
2020-09-23 23:28:32.245 [main] INFO  o.s.boot.web.embedded.tomcat.TomcatWebServer - Tomcat started on port(s): 8080 (http) with context path '/xxl-job-admin'
2020-09-23 23:28:32.256 [main] INFO  com.spring.demo.SpringbootDemoApplication - Started SpringbootDemoApplication in 9.91 seconds (JVM running for 13.552)
2020-09-23 23:29:24.879 [SpringContextShutdownHook] INFO  o.s.scheduling.concurrent.ThreadPoolTaskExecutor - Shutting down ExecutorService 'applicationTaskExecutor'
2020-09-23 23:29:39.032 [main] INFO  com.spring.demo.SpringbootDemoApplication - Starting SpringbootDemoApplication on LAPTOP-2DJBECLD with PID 19784 (E:\Development\java_project\springboot_items\springboot_demo\target\classes started by asus in E:\Development\java_project\springboot_items)
2020-09-23 23:29:39.039 [main] INFO  com.spring.demo.SpringbootDemoApplication - No active profile set, falling back to default profiles: default
2020-09-23 23:29:42.643 [main] INFO  o.s.boot.web.embedded.tomcat.TomcatWebServer - Tomcat initialized with port(s): 8080 (http)
2020-09-23 23:29:42.668 [main] INFO  org.apache.coyote.http11.Http11NioProtocol - Initializing ProtocolHandler ["http-nio-8080"]
2020-09-23 23:29:42.670 [main] INFO  org.apache.catalina.core.StandardService - Starting service [Tomcat]
2020-09-23 23:29:42.670 [main] INFO  org.apache.catalina.core.StandardEngine - Starting Servlet engine: [Apache Tomcat/9.0.31]
2020-09-23 23:29:42.974 [main] INFO  o.a.c.c.C.[Tomcat].[localhost].[/xxl-job-admin] - Initializing Spring embedded WebApplicationContext
2020-09-23 23:29:42.975 [main] INFO  org.springframework.web.context.ContextLoader - Root WebApplicationContext: initialization completed in 3857 ms
2020-09-23 23:29:43.027 [main] INFO  c.spring.demo.datasource_config.DruidConfiguration - druid初始化成功!
2020-09-23 23:29:43.348 [main] ERROR com.alibaba.druid.filter.FilterManager - load filter error, filter not found : logback
2020-09-23 23:29:45.158 [main] INFO  s.d.s.w.PropertySourcedRequestMappingHandlerMapping - Mapped URL path [/v2/api-docs] onto method [springfox.documentation.swagger2.web.Swagger2Controller#getDocumentation(String, HttpServletRequest)]
2020-09-23 23:29:45.237 [main] ERROR com.alibaba.druid.filter.FilterManager - load filter error, filter not found : logback
2020-09-23 23:29:45.878 [main] INFO  o.s.scheduling.concurrent.ThreadPoolTaskExecutor - Initializing ExecutorService 'applicationTaskExecutor'
2020-09-23 23:29:46.165 [main] INFO  o.s.b.a.web.servlet.WelcomePageHandlerMapping - Adding welcome page template: index
2020-09-23 23:29:46.985 [main] INFO  s.d.s.web.plugins.DocumentationPluginsBootstrapper - Context refreshed
2020-09-23 23:29:47.023 [main] INFO  s.d.s.web.plugins.DocumentationPluginsBootstrapper - Found 1 custom documentation plugin(s)
2020-09-23 23:29:47.095 [main] INFO  s.d.spring.web.scanners.ApiListingReferenceScanner - Scanning for api listing references
2020-09-23 23:29:47.531 [main] INFO  s.d.s.w.r.operation.CachingOperationNameGenerator - Generating unique operation named: loginDoUsingPOST_1
2020-09-23 23:29:47.666 [main] INFO  org.apache.coyote.http11.Http11NioProtocol - Starting ProtocolHandler ["http-nio-8080"]
2020-09-23 23:29:47.724 [main] INFO  o.a.c.c.C.[Tomcat].[localhost].[/xxl-job-admin] - Initializing Spring DispatcherServlet 'dispatcherServlet'
2020-09-23 23:29:47.725 [main] INFO  org.springframework.web.servlet.DispatcherServlet - Initializing Servlet 'dispatcherServlet'
2020-09-23 23:29:47.755 [main] INFO  org.springframework.web.servlet.DispatcherServlet - Completed initialization in 29 ms
2020-09-23 23:29:47.769 [main] INFO  o.s.boot.web.embedded.tomcat.TomcatWebServer - Tomcat started on port(s): 8080 (http) with context path '/xxl-job-admin'
2020-09-23 23:29:47.781 [main] INFO  com.spring.demo.SpringbootDemoApplication - Started SpringbootDemoApplication in 9.98 seconds (JVM running for 13.107)
2020-09-23 23:33:49.351 [SpringContextShutdownHook] INFO  o.s.scheduling.concurrent.ThreadPoolTaskExecutor - Shutting down ExecutorService 'applicationTaskExecutor'
2020-09-23 23:34:02.582 [main] INFO  com.spring.demo.SpringbootDemoApplication - Starting SpringbootDemoApplication on LAPTOP-2DJBECLD with PID 3216 (E:\Development\java_project\springboot_items\springboot_demo\target\classes started by asus in E:\Development\java_project\springboot_items)
2020-09-23 23:34:02.591 [main] INFO  com.spring.demo.SpringbootDemoApplication - No active profile set, falling back to default profiles: default
2020-09-23 23:34:06.248 [main] INFO  o.s.boot.web.embedded.tomcat.TomcatWebServer - Tomcat initialized with port(s): 8080 (http)
2020-09-23 23:34:06.277 [main] INFO  org.apache.coyote.http11.Http11NioProtocol - Initializing ProtocolHandler ["http-nio-8080"]
2020-09-23 23:34:06.279 [main] INFO  org.apache.catalina.core.StandardService - Starting service [Tomcat]
2020-09-23 23:34:06.279 [main] INFO  org.apache.catalina.core.StandardEngine - Starting Servlet engine: [Apache Tomcat/9.0.31]
2020-09-23 23:34:06.609 [main] INFO  o.a.c.c.C.[Tomcat].[localhost].[/xxl-job-admin] - Initializing Spring embedded WebApplicationContext
2020-09-23 23:34:06.610 [main] INFO  org.springframework.web.context.ContextLoader - Root WebApplicationContext: initialization completed in 3930 ms
2020-09-23 23:34:06.663 [main] INFO  c.spring.demo.datasource_config.DruidConfiguration - druid初始化成功!
2020-09-23 23:34:07.077 [main] ERROR com.alibaba.druid.filter.FilterManager - load filter error, filter not found : logback
2020-09-23 23:34:08.997 [main] INFO  s.d.s.w.PropertySourcedRequestMappingHandlerMapping - Mapped URL path [/v2/api-docs] onto method [springfox.documentation.swagger2.web.Swagger2Controller#getDocumentation(String, HttpServletRequest)]
2020-09-23 23:34:09.038 [main] ERROR com.alibaba.druid.filter.FilterManager - load filter error, filter not found : logback
2020-09-23 23:34:09.689 [main] INFO  o.s.scheduling.concurrent.ThreadPoolTaskExecutor - Initializing ExecutorService 'applicationTaskExecutor'
2020-09-23 23:34:09.920 [main] INFO  o.s.b.a.web.servlet.WelcomePageHandlerMapping - Adding welcome page template: index
2020-09-23 23:34:10.701 [main] INFO  s.d.s.web.plugins.DocumentationPluginsBootstrapper - Context refreshed
2020-09-23 23:34:10.738 [main] INFO  s.d.s.web.plugins.DocumentationPluginsBootstrapper - Found 1 custom documentation plugin(s)
2020-09-23 23:34:10.809 [main] INFO  s.d.spring.web.scanners.ApiListingReferenceScanner - Scanning for api listing references
2020-09-23 23:34:11.237 [main] INFO  s.d.s.w.r.operation.CachingOperationNameGenerator - Generating unique operation named: loginDoUsingPOST_1
2020-09-23 23:34:11.373 [main] INFO  org.apache.coyote.http11.Http11NioProtocol - Starting ProtocolHandler ["http-nio-8080"]
2020-09-23 23:34:11.423 [main] INFO  o.a.c.c.C.[Tomcat].[localhost].[/xxl-job-admin] - Initializing Spring DispatcherServlet 'dispatcherServlet'
2020-09-23 23:34:11.424 [main] INFO  org.springframework.web.servlet.DispatcherServlet - Initializing Servlet 'dispatcherServlet'
2020-09-23 23:34:11.452 [main] INFO  org.springframework.web.servlet.DispatcherServlet - Completed initialization in 28 ms
2020-09-23 23:34:11.464 [main] INFO  o.s.boot.web.embedded.tomcat.TomcatWebServer - Tomcat started on port(s): 8080 (http) with context path '/xxl-job-admin'
2020-09-23 23:34:11.475 [main] INFO  com.spring.demo.SpringbootDemoApplication - Started SpringbootDemoApplication in 10.245 seconds (JVM running for 12.995)
2020-09-23 23:35:04.004 [SpringContextShutdownHook] INFO  o.s.scheduling.concurrent.ThreadPoolTaskExecutor - Shutting down ExecutorService 'applicationTaskExecutor'
2020-09-23 23:35:18.734 [main] INFO  com.spring.demo.SpringbootDemoApplication - Starting SpringbootDemoApplication on LAPTOP-2DJBECLD with PID 4124 (E:\Development\java_project\springboot_items\springboot_demo\target\classes started by asus in E:\Development\java_project\springboot_items)
2020-09-23 23:35:18.739 [main] INFO  com.spring.demo.SpringbootDemoApplication - No active profile set, falling back to default profiles: default
2020-09-23 23:35:22.595 [main] INFO  o.s.boot.web.embedded.tomcat.TomcatWebServer - Tomcat initialized with port(s): 8080 (http)
2020-09-23 23:35:22.619 [main] INFO  org.apache.coyote.http11.Http11NioProtocol - Initializing ProtocolHandler ["http-nio-8080"]
2020-09-23 23:35:22.620 [main] INFO  org.apache.catalina.core.StandardService - Starting service [Tomcat]
2020-09-23 23:35:22.621 [main] INFO  org.apache.catalina.core.StandardEngine - Starting Servlet engine: [Apache Tomcat/9.0.31]
2020-09-23 23:35:22.910 [main] INFO  o.a.c.c.C.[Tomcat].[localhost].[/xxl-job-admin] - Initializing Spring embedded WebApplicationContext
2020-09-23 23:35:22.911 [main] INFO  org.springframework.web.context.ContextLoader - Root WebApplicationContext: initialization completed in 4103 ms
2020-09-23 23:35:22.962 [main] INFO  c.spring.demo.datasource_config.DruidConfiguration - druid初始化成功!
2020-09-23 23:35:23.338 [main] ERROR com.alibaba.druid.filter.FilterManager - load filter error, filter not found : logback
2020-09-23 23:35:25.279 [main] INFO  s.d.s.w.PropertySourcedRequestMappingHandlerMapping - Mapped URL path [/v2/api-docs] onto method [springfox.documentation.swagger2.web.Swagger2Controller#getDocumentation(String, HttpServletRequest)]
2020-09-23 23:35:25.324 [main] ERROR com.alibaba.druid.filter.FilterManager - load filter error, filter not found : logback
2020-09-23 23:35:25.989 [main] INFO  o.s.scheduling.concurrent.ThreadPoolTaskExecutor - Initializing ExecutorService 'applicationTaskExecutor'
2020-09-23 23:35:26.261 [main] INFO  o.s.b.a.web.servlet.WelcomePageHandlerMapping - Adding welcome page template: index
2020-09-23 23:35:27.164 [main] INFO  s.d.s.web.plugins.DocumentationPluginsBootstrapper - Context refreshed
2020-09-23 23:35:27.206 [main] INFO  s.d.s.web.plugins.DocumentationPluginsBootstrapper - Found 1 custom documentation plugin(s)
2020-09-23 23:35:27.288 [main] INFO  s.d.spring.web.scanners.ApiListingReferenceScanner - Scanning for api listing references
2020-09-23 23:35:27.764 [main] INFO  s.d.s.w.r.operation.CachingOperationNameGenerator - Generating unique operation named: loginDoUsingPOST_1
2020-09-23 23:35:27.909 [main] INFO  org.apache.coyote.http11.Http11NioProtocol - Starting ProtocolHandler ["http-nio-8080"]
2020-09-23 23:35:27.969 [main] INFO  o.a.c.c.C.[Tomcat].[localhost].[/xxl-job-admin] - Initializing Spring DispatcherServlet 'dispatcherServlet'
2020-09-23 23:35:27.970 [main] INFO  org.springframework.web.servlet.DispatcherServlet - Initializing Servlet 'dispatcherServlet'
2020-09-23 23:35:28.007 [main] INFO  org.springframework.web.servlet.DispatcherServlet - Completed initialization in 35 ms
2020-09-23 23:35:28.023 [main] INFO  o.s.boot.web.embedded.tomcat.TomcatWebServer - Tomcat started on port(s): 8080 (http) with context path '/xxl-job-admin'
2020-09-23 23:35:28.036 [main] INFO  com.spring.demo.SpringbootDemoApplication - Started SpringbootDemoApplication in 10.684 seconds (JVM running for 14.52)
2020-09-23 23:35:40.537 [http-nio-8080-exec-2] ERROR o.a.c.c.C.[.[.[/xxl-job-admin].[dispatcherServlet] - Servlet.service() for servlet [dispatcherServlet] in context with path [/xxl-job-admin] threw exception [Request processing failed; nested exception is java.lang.IndexOutOfBoundsException: Index 0 out of bounds for length 0] with root cause
java.lang.IndexOutOfBoundsException: Index 0 out of bounds for length 0
	at java.base/jdk.internal.util.Preconditions.outOfBounds(Preconditions.java:64)
	at java.base/jdk.internal.util.Preconditions.outOfBoundsCheckIndex(Preconditions.java:70)
	at java.base/jdk.internal.util.Preconditions.checkIndex(Preconditions.java:248)
	at java.base/java.util.Objects.checkIndex(Objects.java:372)
	at java.base/java.util.ArrayList.get(ArrayList.java:458)
	at com.spring.demo.controller.IndexController.easyExcelTest(IndexController.java:141)
	at java.base/jdk.internal.reflect.NativeMethodAccessorImpl.invoke0(Native Method)
	at java.base/jdk.internal.reflect.NativeMethodAccessorImpl.invoke(NativeMethodAccessorImpl.java:62)
	at java.base/jdk.internal.reflect.DelegatingMethodAccessorImpl.invoke(DelegatingMethodAccessorImpl.java:43)
	at java.base/java.lang.reflect.Method.invoke(Method.java:566)
	at org.springframework.web.method.support.InvocableHandlerMethod.doInvoke(InvocableHandlerMethod.java:190)
	at org.springframework.web.method.support.InvocableHandlerMethod.invokeForRequest(InvocableHandlerMethod.java:138)
	at org.springframework.web.servlet.mvc.method.annotation.ServletInvocableHandlerMethod.invokeAndHandle(ServletInvocableHandlerMethod.java:106)
	at org.springframework.web.servlet.mvc.method.annotation.RequestMappingHandlerAdapter.invokeHandlerMethod(RequestMappingHandlerAdapter.java:879)
	at org.springframework.web.servlet.mvc.method.annotation.RequestMappingHandlerAdapter.handleInternal(RequestMappingHandlerAdapter.java:793)
	at org.springframework.web.servlet.mvc.method.AbstractHandlerMethodAdapter.handle(AbstractHandlerMethodAdapter.java:87)
	at org.springframework.web.servlet.DispatcherServlet.doDispatch(DispatcherServlet.java:1040)
	at org.springframework.web.servlet.DispatcherServlet.doService(DispatcherServlet.java:943)
	at org.springframework.web.servlet.FrameworkServlet.processRequest(FrameworkServlet.java:1006)
	at org.springframework.web.servlet.FrameworkServlet.doGet(FrameworkServlet.java:898)
	at javax.servlet.http.HttpServlet.service(HttpServlet.java:634)
	at org.springframework.web.servlet.FrameworkServlet.service(FrameworkServlet.java:883)
	at javax.servlet.http.HttpServlet.service(HttpServlet.java:741)
	at org.apache.catalina.core.ApplicationFilterChain.internalDoFilter(ApplicationFilterChain.java:231)
	at org.apache.catalina.core.ApplicationFilterChain.doFilter(ApplicationFilterChain.java:166)
	at org.apache.tomcat.websocket.server.WsFilter.doFilter(WsFilter.java:53)
	at org.apache.catalina.core.ApplicationFilterChain.internalDoFilter(ApplicationFilterChain.java:193)
	at org.apache.catalina.core.ApplicationFilterChain.doFilter(ApplicationFilterChain.java:166)
	at com.alibaba.druid.support.http.WebStatFilter.doFilter(WebStatFilter.java:123)
	at org.apache.catalina.core.ApplicationFilterChain.internalDoFilter(ApplicationFilterChain.java:193)
	at org.apache.catalina.core.ApplicationFilterChain.doFilter(ApplicationFilterChain.java:166)
	at org.springframework.web.filter.RequestContextFilter.doFilterInternal(RequestContextFilter.java:100)
	at org.springframework.web.filter.OncePerRequestFilter.doFilter(OncePerRequestFilter.java:119)
	at org.apache.catalina.core.ApplicationFilterChain.internalDoFilter(ApplicationFilterChain.java:193)
	at org.apache.catalina.core.ApplicationFilterChain.doFilter(ApplicationFilterChain.java:166)
	at org.springframework.web.filter.FormContentFilter.doFilterInternal(FormContentFilter.java:93)
	at org.springframework.web.filter.OncePerRequestFilter.doFilter(OncePerRequestFilter.java:119)
	at org.apache.catalina.core.ApplicationFilterChain.internalDoFilter(ApplicationFilterChain.java:193)
	at org.apache.catalina.core.ApplicationFilterChain.doFilter(ApplicationFilterChain.java:166)
	at org.springframework.web.filter.CharacterEncodingFilter.doFilterInternal(CharacterEncodingFilter.java:201)
	at org.springframework.web.filter.OncePerRequestFilter.doFilter(OncePerRequestFilter.java:119)
	at org.apache.catalina.core.ApplicationFilterChain.internalDoFilter(ApplicationFilterChain.java:193)
	at org.apache.catalina.core.ApplicationFilterChain.doFilter(ApplicationFilterChain.java:166)
	at org.apache.catalina.core.StandardWrapperValve.invoke(StandardWrapperValve.java:202)
	at org.apache.catalina.core.StandardContextValve.invoke(StandardContextValve.java:96)
	at org.apache.catalina.authenticator.AuthenticatorBase.invoke(AuthenticatorBase.java:541)
	at org.apache.catalina.core.StandardHostValve.invoke(StandardHostValve.java:139)
	at org.apache.catalina.valves.ErrorReportValve.invoke(ErrorReportValve.java:92)
	at org.apache.catalina.core.StandardEngineValve.invoke(StandardEngineValve.java:74)
	at org.apache.catalina.connector.CoyoteAdapter.service(CoyoteAdapter.java:343)
	at org.apache.coyote.http11.Http11Processor.service(Http11Processor.java:367)
	at org.apache.coyote.AbstractProcessorLight.process(AbstractProcessorLight.java:65)
	at org.apache.coyote.AbstractProtocol$ConnectionHandler.process(AbstractProtocol.java:868)
	at org.apache.tomcat.util.net.NioEndpoint$SocketProcessor.doRun(NioEndpoint.java:1639)
	at org.apache.tomcat.util.net.SocketProcessorBase.run(SocketProcessorBase.java:49)
	at java.base/java.util.concurrent.ThreadPoolExecutor.runWorker(ThreadPoolExecutor.java:1128)
	at java.base/java.util.concurrent.ThreadPoolExecutor$Worker.run(ThreadPoolExecutor.java:628)
	at org.apache.tomcat.util.threads.TaskThread$WrappingRunnable.run(TaskThread.java:61)
	at java.base/java.lang.Thread.run(Thread.java:834)
2020-09-23 23:37:18.902 [SpringContextShutdownHook] INFO  o.s.scheduling.concurrent.ThreadPoolTaskExecutor - Shutting down ExecutorService 'applicationTaskExecutor'
2020-09-23 23:37:33.336 [main] INFO  com.spring.demo.SpringbootDemoApplication - Starting SpringbootDemoApplication on LAPTOP-2DJBECLD with PID 15136 (E:\Development\java_project\springboot_items\springboot_demo\target\classes started by asus in E:\Development\java_project\springboot_items)
2020-09-23 23:37:33.342 [main] INFO  com.spring.demo.SpringbootDemoApplication - No active profile set, falling back to default profiles: default
2020-09-23 23:37:36.393 [main] INFO  o.s.boot.web.embedded.tomcat.TomcatWebServer - Tomcat initialized with port(s): 8080 (http)
2020-09-23 23:37:36.417 [main] INFO  org.apache.coyote.http11.Http11NioProtocol - Initializing ProtocolHandler ["http-nio-8080"]
2020-09-23 23:37:36.418 [main] INFO  org.apache.catalina.core.StandardService - Starting service [Tomcat]
2020-09-23 23:37:36.419 [main] INFO  org.apache.catalina.core.StandardEngine - Starting Servlet engine: [Apache Tomcat/9.0.31]
2020-09-23 23:37:36.724 [main] INFO  o.a.c.c.C.[Tomcat].[localhost].[/xxl-job-admin] - Initializing Spring embedded WebApplicationContext
2020-09-23 23:37:36.724 [main] INFO  org.springframework.web.context.ContextLoader - Root WebApplicationContext: initialization completed in 3289 ms
2020-09-23 23:37:36.776 [main] INFO  c.spring.demo.datasource_config.DruidConfiguration - druid初始化成功!
2020-09-23 23:37:37.151 [main] ERROR com.alibaba.druid.filter.FilterManager - load filter error, filter not found : logback
2020-09-23 23:37:39.009 [main] INFO  s.d.s.w.PropertySourcedRequestMappingHandlerMapping - Mapped URL path [/v2/api-docs] onto method [springfox.documentation.swagger2.web.Swagger2Controller#getDocumentation(String, HttpServletRequest)]
2020-09-23 23:37:39.054 [main] ERROR com.alibaba.druid.filter.FilterManager - load filter error, filter not found : logback
2020-09-23 23:37:39.677 [main] INFO  o.s.scheduling.concurrent.ThreadPoolTaskExecutor - Initializing ExecutorService 'applicationTaskExecutor'
2020-09-23 23:37:39.924 [main] INFO  o.s.b.a.web.servlet.WelcomePageHandlerMapping - Adding welcome page template: index
2020-09-23 23:37:40.733 [main] INFO  s.d.s.web.plugins.DocumentationPluginsBootstrapper - Context refreshed
2020-09-23 23:37:40.771 [main] INFO  s.d.s.web.plugins.DocumentationPluginsBootstrapper - Found 1 custom documentation plugin(s)
2020-09-23 23:37:40.843 [main] INFO  s.d.spring.web.scanners.ApiListingReferenceScanner - Scanning for api listing references
2020-09-23 23:37:41.282 [main] INFO  s.d.s.w.r.operation.CachingOperationNameGenerator - Generating unique operation named: loginDoUsingPOST_1
2020-09-23 23:37:41.423 [main] INFO  org.apache.coyote.http11.Http11NioProtocol - Starting ProtocolHandler ["http-nio-8080"]
2020-09-23 23:37:41.478 [main] INFO  o.a.c.c.C.[Tomcat].[localhost].[/xxl-job-admin] - Initializing Spring DispatcherServlet 'dispatcherServlet'
2020-09-23 23:37:41.479 [main] INFO  org.springframework.web.servlet.DispatcherServlet - Initializing Servlet 'dispatcherServlet'
2020-09-23 23:37:41.508 [main] INFO  org.springframework.web.servlet.DispatcherServlet - Completed initialization in 29 ms
2020-09-23 23:37:41.521 [main] INFO  o.s.boot.web.embedded.tomcat.TomcatWebServer - Tomcat started on port(s): 8080 (http) with context path '/xxl-job-admin'
2020-09-23 23:37:41.532 [main] INFO  com.spring.demo.SpringbootDemoApplication - Started SpringbootDemoApplication in 9.589 seconds (JVM running for 13.342)
2020-09-23 23:37:49.879 [http-nio-8080-exec-2] ERROR o.a.c.c.C.[.[.[/xxl-job-admin].[dispatcherServlet] - Servlet.service() for servlet [dispatcherServlet] in context with path [/xxl-job-admin] threw exception [Request processing failed; nested exception is java.lang.IndexOutOfBoundsException: Index 0 out of bounds for length 0] with root cause
java.lang.IndexOutOfBoundsException: Index 0 out of bounds for length 0
	at java.base/jdk.internal.util.Preconditions.outOfBounds(Preconditions.java:64)
	at java.base/jdk.internal.util.Preconditions.outOfBoundsCheckIndex(Preconditions.java:70)
	at java.base/jdk.internal.util.Preconditions.checkIndex(Preconditions.java:248)
	at java.base/java.util.Objects.checkIndex(Objects.java:372)
	at java.base/java.util.ArrayList.get(ArrayList.java:458)
	at com.spring.demo.controller.IndexController.easyExcelTest(IndexController.java:141)
	at java.base/jdk.internal.reflect.NativeMethodAccessorImpl.invoke0(Native Method)
	at java.base/jdk.internal.reflect.NativeMethodAccessorImpl.invoke(NativeMethodAccessorImpl.java:62)
	at java.base/jdk.internal.reflect.DelegatingMethodAccessorImpl.invoke(DelegatingMethodAccessorImpl.java:43)
	at java.base/java.lang.reflect.Method.invoke(Method.java:566)
	at org.springframework.web.method.support.InvocableHandlerMethod.doInvoke(InvocableHandlerMethod.java:190)
	at org.springframework.web.method.support.InvocableHandlerMethod.invokeForRequest(InvocableHandlerMethod.java:138)
	at org.springframework.web.servlet.mvc.method.annotation.ServletInvocableHandlerMethod.invokeAndHandle(ServletInvocableHandlerMethod.java:106)
	at org.springframework.web.servlet.mvc.method.annotation.RequestMappingHandlerAdapter.invokeHandlerMethod(RequestMappingHandlerAdapter.java:879)
	at org.springframework.web.servlet.mvc.method.annotation.RequestMappingHandlerAdapter.handleInternal(RequestMappingHandlerAdapter.java:793)
	at org.springframework.web.servlet.mvc.method.AbstractHandlerMethodAdapter.handle(AbstractHandlerMethodAdapter.java:87)
	at org.springframework.web.servlet.DispatcherServlet.doDispatch(DispatcherServlet.java:1040)
	at org.springframework.web.servlet.DispatcherServlet.doService(DispatcherServlet.java:943)
	at org.springframework.web.servlet.FrameworkServlet.processRequest(FrameworkServlet.java:1006)
	at org.springframework.web.servlet.FrameworkServlet.doGet(FrameworkServlet.java:898)
	at javax.servlet.http.HttpServlet.service(HttpServlet.java:634)
	at org.springframework.web.servlet.FrameworkServlet.service(FrameworkServlet.java:883)
	at javax.servlet.http.HttpServlet.service(HttpServlet.java:741)
	at org.apache.catalina.core.ApplicationFilterChain.internalDoFilter(ApplicationFilterChain.java:231)
	at org.apache.catalina.core.ApplicationFilterChain.doFilter(ApplicationFilterChain.java:166)
	at org.apache.tomcat.websocket.server.WsFilter.doFilter(WsFilter.java:53)
	at org.apache.catalina.core.ApplicationFilterChain.internalDoFilter(ApplicationFilterChain.java:193)
	at org.apache.catalina.core.ApplicationFilterChain.doFilter(ApplicationFilterChain.java:166)
	at com.alibaba.druid.support.http.WebStatFilter.doFilter(WebStatFilter.java:123)
	at org.apache.catalina.core.ApplicationFilterChain.internalDoFilter(ApplicationFilterChain.java:193)
	at org.apache.catalina.core.ApplicationFilterChain.doFilter(ApplicationFilterChain.java:166)
	at org.springframework.web.filter.RequestContextFilter.doFilterInternal(RequestContextFilter.java:100)
	at org.springframework.web.filter.OncePerRequestFilter.doFilter(OncePerRequestFilter.java:119)
	at org.apache.catalina.core.ApplicationFilterChain.internalDoFilter(ApplicationFilterChain.java:193)
	at org.apache.catalina.core.ApplicationFilterChain.doFilter(ApplicationFilterChain.java:166)
	at org.springframework.web.filter.FormContentFilter.doFilterInternal(FormContentFilter.java:93)
	at org.springframework.web.filter.OncePerRequestFilter.doFilter(OncePerRequestFilter.java:119)
	at org.apache.catalina.core.ApplicationFilterChain.internalDoFilter(ApplicationFilterChain.java:193)
	at org.apache.catalina.core.ApplicationFilterChain.doFilter(ApplicationFilterChain.java:166)
	at org.springframework.web.filter.CharacterEncodingFilter.doFilterInternal(CharacterEncodingFilter.java:201)
	at org.springframework.web.filter.OncePerRequestFilter.doFilter(OncePerRequestFilter.java:119)
	at org.apache.catalina.core.ApplicationFilterChain.internalDoFilter(ApplicationFilterChain.java:193)
	at org.apache.catalina.core.ApplicationFilterChain.doFilter(ApplicationFilterChain.java:166)
	at org.apache.catalina.core.StandardWrapperValve.invoke(StandardWrapperValve.java:202)
	at org.apache.catalina.core.StandardContextValve.invoke(StandardContextValve.java:96)
	at org.apache.catalina.authenticator.AuthenticatorBase.invoke(AuthenticatorBase.java:541)
	at org.apache.catalina.core.StandardHostValve.invoke(StandardHostValve.java:139)
	at org.apache.catalina.valves.ErrorReportValve.invoke(ErrorReportValve.java:92)
	at org.apache.catalina.core.StandardEngineValve.invoke(StandardEngineValve.java:74)
	at org.apache.catalina.connector.CoyoteAdapter.service(CoyoteAdapter.java:343)
	at org.apache.coyote.http11.Http11Processor.service(Http11Processor.java:367)
	at org.apache.coyote.AbstractProcessorLight.process(AbstractProcessorLight.java:65)
	at org.apache.coyote.AbstractProtocol$ConnectionHandler.process(AbstractProtocol.java:868)
	at org.apache.tomcat.util.net.NioEndpoint$SocketProcessor.doRun(NioEndpoint.java:1639)
	at org.apache.tomcat.util.net.SocketProcessorBase.run(SocketProcessorBase.java:49)
	at java.base/java.util.concurrent.ThreadPoolExecutor.runWorker(ThreadPoolExecutor.java:1128)
	at java.base/java.util.concurrent.ThreadPoolExecutor$Worker.run(ThreadPoolExecutor.java:628)
	at org.apache.tomcat.util.threads.TaskThread$WrappingRunnable.run(TaskThread.java:61)
	at java.base/java.lang.Thread.run(Thread.java:834)
2020-09-23 23:39:35.846 [http-nio-8080-exec-4] ERROR o.a.c.c.C.[.[.[/xxl-job-admin].[dispatcherServlet] - Servlet.service() for servlet [dispatcherServlet] in context with path [/xxl-job-admin] threw exception [Request processing failed; nested exception is java.lang.IndexOutOfBoundsException: Index 0 out of bounds for length 0] with root cause
java.lang.IndexOutOfBoundsException: Index 0 out of bounds for length 0
	at java.base/jdk.internal.util.Preconditions.outOfBounds(Preconditions.java:64)
	at java.base/jdk.internal.util.Preconditions.outOfBoundsCheckIndex(Preconditions.java:70)
	at java.base/jdk.internal.util.Preconditions.checkIndex(Preconditions.java:248)
	at java.base/java.util.Objects.checkIndex(Objects.java:372)
	at java.base/java.util.ArrayList.get(ArrayList.java:458)
	at com.spring.demo.controller.IndexController.easyExcelTest(IndexController.java:141)
	at java.base/jdk.internal.reflect.NativeMethodAccessorImpl.invoke0(Native Method)
	at java.base/jdk.internal.reflect.NativeMethodAccessorImpl.invoke(NativeMethodAccessorImpl.java:62)
	at java.base/jdk.internal.reflect.DelegatingMethodAccessorImpl.invoke(DelegatingMethodAccessorImpl.java:43)
	at java.base/java.lang.reflect.Method.invoke(Method.java:566)
	at org.springframework.web.method.support.InvocableHandlerMethod.doInvoke(InvocableHandlerMethod.java:190)
	at org.springframework.web.method.support.InvocableHandlerMethod.invokeForRequest(InvocableHandlerMethod.java:138)
	at org.springframework.web.servlet.mvc.method.annotation.ServletInvocableHandlerMethod.invokeAndHandle(ServletInvocableHandlerMethod.java:106)
	at org.springframework.web.servlet.mvc.method.annotation.RequestMappingHandlerAdapter.invokeHandlerMethod(RequestMappingHandlerAdapter.java:879)
	at org.springframework.web.servlet.mvc.method.annotation.RequestMappingHandlerAdapter.handleInternal(RequestMappingHandlerAdapter.java:793)
	at org.springframework.web.servlet.mvc.method.AbstractHandlerMethodAdapter.handle(AbstractHandlerMethodAdapter.java:87)
	at org.springframework.web.servlet.DispatcherServlet.doDispatch(DispatcherServlet.java:1040)
	at org.springframework.web.servlet.DispatcherServlet.doService(DispatcherServlet.java:943)
	at org.springframework.web.servlet.FrameworkServlet.processRequest(FrameworkServlet.java:1006)
	at org.springframework.web.servlet.FrameworkServlet.doGet(FrameworkServlet.java:898)
	at javax.servlet.http.HttpServlet.service(HttpServlet.java:634)
	at org.springframework.web.servlet.FrameworkServlet.service(FrameworkServlet.java:883)
	at javax.servlet.http.HttpServlet.service(HttpServlet.java:741)
	at org.apache.catalina.core.ApplicationFilterChain.internalDoFilter(ApplicationFilterChain.java:231)
	at org.apache.catalina.core.ApplicationFilterChain.doFilter(ApplicationFilterChain.java:166)
	at org.apache.tomcat.websocket.server.WsFilter.doFilter(WsFilter.java:53)
	at org.apache.catalina.core.ApplicationFilterChain.internalDoFilter(ApplicationFilterChain.java:193)
	at org.apache.catalina.core.ApplicationFilterChain.doFilter(ApplicationFilterChain.java:166)
	at com.alibaba.druid.support.http.WebStatFilter.doFilter(WebStatFilter.java:123)
	at org.apache.catalina.core.ApplicationFilterChain.internalDoFilter(ApplicationFilterChain.java:193)
	at org.apache.catalina.core.ApplicationFilterChain.doFilter(ApplicationFilterChain.java:166)
	at org.springframework.web.filter.RequestContextFilter.doFilterInternal(RequestContextFilter.java:100)
	at org.springframework.web.filter.OncePerRequestFilter.doFilter(OncePerRequestFilter.java:119)
	at org.apache.catalina.core.ApplicationFilterChain.internalDoFilter(ApplicationFilterChain.java:193)
	at org.apache.catalina.core.ApplicationFilterChain.doFilter(ApplicationFilterChain.java:166)
	at org.springframework.web.filter.FormContentFilter.doFilterInternal(FormContentFilter.java:93)
	at org.springframework.web.filter.OncePerRequestFilter.doFilter(OncePerRequestFilter.java:119)
	at org.apache.catalina.core.ApplicationFilterChain.internalDoFilter(ApplicationFilterChain.java:193)
	at org.apache.catalina.core.ApplicationFilterChain.doFilter(ApplicationFilterChain.java:166)
	at org.springframework.web.filter.CharacterEncodingFilter.doFilterInternal(CharacterEncodingFilter.java:201)
	at org.springframework.web.filter.OncePerRequestFilter.doFilter(OncePerRequestFilter.java:119)
	at org.apache.catalina.core.ApplicationFilterChain.internalDoFilter(ApplicationFilterChain.java:193)
	at org.apache.catalina.core.ApplicationFilterChain.doFilter(ApplicationFilterChain.java:166)
	at org.apache.catalina.core.StandardWrapperValve.invoke(StandardWrapperValve.java:202)
	at org.apache.catalina.core.StandardContextValve.invoke(StandardContextValve.java:96)
	at org.apache.catalina.authenticator.AuthenticatorBase.invoke(AuthenticatorBase.java:541)
	at org.apache.catalina.core.StandardHostValve.invoke(StandardHostValve.java:139)
	at org.apache.catalina.valves.ErrorReportValve.invoke(ErrorReportValve.java:92)
	at org.apache.catalina.core.StandardEngineValve.invoke(StandardEngineValve.java:74)
	at org.apache.catalina.connector.CoyoteAdapter.service(CoyoteAdapter.java:343)
	at org.apache.coyote.http11.Http11Processor.service(Http11Processor.java:367)
	at org.apache.coyote.AbstractProcessorLight.process(AbstractProcessorLight.java:65)
	at org.apache.coyote.AbstractProtocol$ConnectionHandler.process(AbstractProtocol.java:868)
	at org.apache.tomcat.util.net.NioEndpoint$SocketProcessor.doRun(NioEndpoint.java:1639)
	at org.apache.tomcat.util.net.SocketProcessorBase.run(SocketProcessorBase.java:49)
	at java.base/java.util.concurrent.ThreadPoolExecutor.runWorker(ThreadPoolExecutor.java:1128)
	at java.base/java.util.concurrent.ThreadPoolExecutor$Worker.run(ThreadPoolExecutor.java:628)
	at org.apache.tomcat.util.threads.TaskThread$WrappingRunnable.run(TaskThread.java:61)
	at java.base/java.lang.Thread.run(Thread.java:834)
2020-09-23 23:40:03.677 [SpringContextShutdownHook] INFO  o.s.scheduling.concurrent.ThreadPoolTaskExecutor - Shutting down ExecutorService 'applicationTaskExecutor'
2020-09-23 23:40:17.667 [main] INFO  com.spring.demo.SpringbootDemoApplication - Starting SpringbootDemoApplication on LAPTOP-2DJBECLD with PID 17856 (E:\Development\java_project\springboot_items\springboot_demo\target\classes started by asus in E:\Development\java_project\springboot_items)
2020-09-23 23:40:17.675 [main] INFO  com.spring.demo.SpringbootDemoApplication - No active profile set, falling back to default profiles: default
2020-09-23 23:40:21.279 [main] INFO  o.s.boot.web.embedded.tomcat.TomcatWebServer - Tomcat initialized with port(s): 8080 (http)
2020-09-23 23:40:21.301 [main] INFO  org.apache.coyote.http11.Http11NioProtocol - Initializing ProtocolHandler ["http-nio-8080"]
2020-09-23 23:40:21.303 [main] INFO  org.apache.catalina.core.StandardService - Starting service [Tomcat]
2020-09-23 23:40:21.303 [main] INFO  org.apache.catalina.core.StandardEngine - Starting Servlet engine: [Apache Tomcat/9.0.31]
2020-09-23 23:40:21.578 [main] INFO  o.a.c.c.C.[Tomcat].[localhost].[/xxl-job-admin] - Initializing Spring embedded WebApplicationContext
2020-09-23 23:40:21.578 [main] INFO  org.springframework.web.context.ContextLoader - Root WebApplicationContext: initialization completed in 3816 ms
2020-09-23 23:40:21.635 [main] INFO  c.spring.demo.datasource_config.DruidConfiguration - druid初始化成功!
2020-09-23 23:40:22.063 [main] ERROR com.alibaba.druid.filter.FilterManager - load filter error, filter not found : logback
2020-09-23 23:40:24.218 [main] INFO  s.d.s.w.PropertySourcedRequestMappingHandlerMapping - Mapped URL path [/v2/api-docs] onto method [springfox.documentation.swagger2.web.Swagger2Controller#getDocumentation(String, HttpServletRequest)]
2020-09-23 23:40:24.267 [main] ERROR com.alibaba.druid.filter.FilterManager - load filter error, filter not found : logback
2020-09-23 23:40:24.898 [main] INFO  o.s.scheduling.concurrent.ThreadPoolTaskExecutor - Initializing ExecutorService 'applicationTaskExecutor'
2020-09-23 23:40:25.203 [main] INFO  o.s.b.a.web.servlet.WelcomePageHandlerMapping - Adding welcome page template: index
2020-09-23 23:40:26.081 [main] INFO  s.d.s.web.plugins.DocumentationPluginsBootstrapper - Context refreshed
2020-09-23 23:40:26.138 [main] INFO  s.d.s.web.plugins.DocumentationPluginsBootstrapper - Found 1 custom documentation plugin(s)
2020-09-23 23:40:26.238 [main] INFO  s.d.spring.web.scanners.ApiListingReferenceScanner - Scanning for api listing references
2020-09-23 23:40:26.725 [main] INFO  s.d.s.w.r.operation.CachingOperationNameGenerator - Generating unique operation named: loginDoUsingPOST_1
2020-09-23 23:40:26.862 [main] INFO  org.apache.coyote.http11.Http11NioProtocol - Starting ProtocolHandler ["http-nio-8080"]
2020-09-23 23:40:26.897 [main] INFO  o.a.c.c.C.[Tomcat].[localhost].[/xxl-job-admin] - Initializing Spring DispatcherServlet 'dispatcherServlet'
2020-09-23 23:40:26.898 [main] INFO  org.springframework.web.servlet.DispatcherServlet - Initializing Servlet 'dispatcherServlet'
2020-09-23 23:40:26.925 [main] INFO  org.springframework.web.servlet.DispatcherServlet - Completed initialization in 27 ms
2020-09-23 23:40:26.936 [main] INFO  o.s.boot.web.embedded.tomcat.TomcatWebServer - Tomcat started on port(s): 8080 (http) with context path '/xxl-job-admin'
2020-09-23 23:40:26.946 [main] INFO  com.spring.demo.SpringbootDemoApplication - Started SpringbootDemoApplication in 10.459 seconds (JVM running for 14.119)
2020-09-23 23:40:31.275 [http-nio-8080-exec-2] ERROR o.a.c.c.C.[.[.[/xxl-job-admin].[dispatcherServlet] - Servlet.service() for servlet [dispatcherServlet] in context with path [/xxl-job-admin] threw exception [Request processing failed; nested exception is java.lang.IndexOutOfBoundsException: Index 0 out of bounds for length 0] with root cause
java.lang.IndexOutOfBoundsException: Index 0 out of bounds for length 0
	at java.base/jdk.internal.util.Preconditions.outOfBounds(Preconditions.java:64)
	at java.base/jdk.internal.util.Preconditions.outOfBoundsCheckIndex(Preconditions.java:70)
	at java.base/jdk.internal.util.Preconditions.checkIndex(Preconditions.java:248)
	at java.base/java.util.Objects.checkIndex(Objects.java:372)
	at java.base/java.util.ArrayList.set(ArrayList.java:472)
	at com.spring.demo.controller.IndexController.easyExcelTest(IndexController.java:140)
	at java.base/jdk.internal.reflect.NativeMethodAccessorImpl.invoke0(Native Method)
	at java.base/jdk.internal.reflect.NativeMethodAccessorImpl.invoke(NativeMethodAccessorImpl.java:62)
	at java.base/jdk.internal.reflect.DelegatingMethodAccessorImpl.invoke(DelegatingMethodAccessorImpl.java:43)
	at java.base/java.lang.reflect.Method.invoke(Method.java:566)
	at org.springframework.web.method.support.InvocableHandlerMethod.doInvoke(InvocableHandlerMethod.java:190)
	at org.springframework.web.method.support.InvocableHandlerMethod.invokeForRequest(InvocableHandlerMethod.java:138)
	at org.springframework.web.servlet.mvc.method.annotation.ServletInvocableHandlerMethod.invokeAndHandle(ServletInvocableHandlerMethod.java:106)
	at org.springframework.web.servlet.mvc.method.annotation.RequestMappingHandlerAdapter.invokeHandlerMethod(RequestMappingHandlerAdapter.java:879)
	at org.springframework.web.servlet.mvc.method.annotation.RequestMappingHandlerAdapter.handleInternal(RequestMappingHandlerAdapter.java:793)
	at org.springframework.web.servlet.mvc.method.AbstractHandlerMethodAdapter.handle(AbstractHandlerMethodAdapter.java:87)
	at org.springframework.web.servlet.DispatcherServlet.doDispatch(DispatcherServlet.java:1040)
	at org.springframework.web.servlet.DispatcherServlet.doService(DispatcherServlet.java:943)
	at org.springframework.web.servlet.FrameworkServlet.processRequest(FrameworkServlet.java:1006)
	at org.springframework.web.servlet.FrameworkServlet.doGet(FrameworkServlet.java:898)
	at javax.servlet.http.HttpServlet.service(HttpServlet.java:634)
	at org.springframework.web.servlet.FrameworkServlet.service(FrameworkServlet.java:883)
	at javax.servlet.http.HttpServlet.service(HttpServlet.java:741)
	at org.apache.catalina.core.ApplicationFilterChain.internalDoFilter(ApplicationFilterChain.java:231)
	at org.apache.catalina.core.ApplicationFilterChain.doFilter(ApplicationFilterChain.java:166)
	at org.apache.tomcat.websocket.server.WsFilter.doFilter(WsFilter.java:53)
	at org.apache.catalina.core.ApplicationFilterChain.internalDoFilter(ApplicationFilterChain.java:193)
	at org.apache.catalina.core.ApplicationFilterChain.doFilter(ApplicationFilterChain.java:166)
	at com.alibaba.druid.support.http.WebStatFilter.doFilter(WebStatFilter.java:123)
	at org.apache.catalina.core.ApplicationFilterChain.internalDoFilter(ApplicationFilterChain.java:193)
	at org.apache.catalina.core.ApplicationFilterChain.doFilter(ApplicationFilterChain.java:166)
	at org.springframework.web.filter.RequestContextFilter.doFilterInternal(RequestContextFilter.java:100)
	at org.springframework.web.filter.OncePerRequestFilter.doFilter(OncePerRequestFilter.java:119)
	at org.apache.catalina.core.ApplicationFilterChain.internalDoFilter(ApplicationFilterChain.java:193)
	at org.apache.catalina.core.ApplicationFilterChain.doFilter(ApplicationFilterChain.java:166)
	at org.springframework.web.filter.FormContentFilter.doFilterInternal(FormContentFilter.java:93)
	at org.springframework.web.filter.OncePerRequestFilter.doFilter(OncePerRequestFilter.java:119)
	at org.apache.catalina.core.ApplicationFilterChain.internalDoFilter(ApplicationFilterChain.java:193)
	at org.apache.catalina.core.ApplicationFilterChain.doFilter(ApplicationFilterChain.java:166)
	at org.springframework.web.filter.CharacterEncodingFilter.doFilterInternal(CharacterEncodingFilter.java:201)
	at org.springframework.web.filter.OncePerRequestFilter.doFilter(OncePerRequestFilter.java:119)
	at org.apache.catalina.core.ApplicationFilterChain.internalDoFilter(ApplicationFilterChain.java:193)
	at org.apache.catalina.core.ApplicationFilterChain.doFilter(ApplicationFilterChain.java:166)
	at org.apache.catalina.core.StandardWrapperValve.invoke(StandardWrapperValve.java:202)
	at org.apache.catalina.core.StandardContextValve.invoke(StandardContextValve.java:96)
	at org.apache.catalina.authenticator.AuthenticatorBase.invoke(AuthenticatorBase.java:541)
	at org.apache.catalina.core.StandardHostValve.invoke(StandardHostValve.java:139)
	at org.apache.catalina.valves.ErrorReportValve.invoke(ErrorReportValve.java:92)
	at org.apache.catalina.core.StandardEngineValve.invoke(StandardEngineValve.java:74)
	at org.apache.catalina.connector.CoyoteAdapter.service(CoyoteAdapter.java:343)
	at org.apache.coyote.http11.Http11Processor.service(Http11Processor.java:367)
	at org.apache.coyote.AbstractProcessorLight.process(AbstractProcessorLight.java:65)
	at org.apache.coyote.AbstractProtocol$ConnectionHandler.process(AbstractProtocol.java:868)
	at org.apache.tomcat.util.net.NioEndpoint$SocketProcessor.doRun(NioEndpoint.java:1639)
	at org.apache.tomcat.util.net.SocketProcessorBase.run(SocketProcessorBase.java:49)
	at java.base/java.util.concurrent.ThreadPoolExecutor.runWorker(ThreadPoolExecutor.java:1128)
	at java.base/java.util.concurrent.ThreadPoolExecutor$Worker.run(ThreadPoolExecutor.java:628)
	at org.apache.tomcat.util.threads.TaskThread$WrappingRunnable.run(TaskThread.java:61)
	at java.base/java.lang.Thread.run(Thread.java:834)
2020-09-23 23:42:10.561 [SpringContextShutdownHook] INFO  o.s.scheduling.concurrent.ThreadPoolTaskExecutor - Shutting down ExecutorService 'applicationTaskExecutor'
2020-09-23 23:42:23.627 [main] INFO  com.spring.demo.SpringbootDemoApplication - Starting SpringbootDemoApplication on LAPTOP-2DJBECLD with PID 14540 (E:\Development\java_project\springboot_items\springboot_demo\target\classes started by asus in E:\Development\java_project\springboot_items)
2020-09-23 23:42:23.631 [main] INFO  com.spring.demo.SpringbootDemoApplication - No active profile set, falling back to default profiles: default
2020-09-23 23:42:27.011 [main] INFO  o.s.boot.web.embedded.tomcat.TomcatWebServer - Tomcat initialized with port(s): 8080 (http)
2020-09-23 23:42:27.034 [main] INFO  org.apache.coyote.http11.Http11NioProtocol - Initializing ProtocolHandler ["http-nio-8080"]
2020-09-23 23:42:27.036 [main] INFO  org.apache.catalina.core.StandardService - Starting service [Tomcat]
2020-09-23 23:42:27.036 [main] INFO  org.apache.catalina.core.StandardEngine - Starting Servlet engine: [Apache Tomcat/9.0.31]
2020-09-23 23:42:27.313 [main] INFO  o.a.c.c.C.[Tomcat].[localhost].[/xxl-job-admin] - Initializing Spring embedded WebApplicationContext
2020-09-23 23:42:27.314 [main] INFO  org.springframework.web.context.ContextLoader - Root WebApplicationContext: initialization completed in 3615 ms
2020-09-23 23:42:27.367 [main] INFO  c.spring.demo.datasource_config.DruidConfiguration - druid初始化成功!
2020-09-23 23:42:27.714 [main] ERROR com.alibaba.druid.filter.FilterManager - load filter error, filter not found : logback
2020-09-23 23:42:29.582 [main] INFO  s.d.s.w.PropertySourcedRequestMappingHandlerMapping - Mapped URL path [/v2/api-docs] onto method [springfox.documentation.swagger2.web.Swagger2Controller#getDocumentation(String, HttpServletRequest)]
2020-09-23 23:42:29.626 [main] ERROR com.alibaba.druid.filter.FilterManager - load filter error, filter not found : logback
2020-09-23 23:42:30.351 [main] INFO  o.s.scheduling.concurrent.ThreadPoolTaskExecutor - Initializing ExecutorService 'applicationTaskExecutor'
2020-09-23 23:42:30.606 [main] INFO  o.s.b.a.web.servlet.WelcomePageHandlerMapping - Adding welcome page template: index
2020-09-23 23:42:31.407 [main] INFO  s.d.s.web.plugins.DocumentationPluginsBootstrapper - Context refreshed
2020-09-23 23:42:31.458 [main] INFO  s.d.s.web.plugins.DocumentationPluginsBootstrapper - Found 1 custom documentation plugin(s)
2020-09-23 23:42:31.528 [main] INFO  s.d.spring.web.scanners.ApiListingReferenceScanner - Scanning for api listing references
2020-09-23 23:42:31.939 [main] INFO  s.d.s.w.r.operation.CachingOperationNameGenerator - Generating unique operation named: loginDoUsingPOST_1
2020-09-23 23:42:32.068 [main] INFO  org.apache.coyote.http11.Http11NioProtocol - Starting ProtocolHandler ["http-nio-8080"]
2020-09-23 23:42:32.117 [main] INFO  o.a.c.c.C.[Tomcat].[localhost].[/xxl-job-admin] - Initializing Spring DispatcherServlet 'dispatcherServlet'
2020-09-23 23:42:32.118 [main] INFO  org.springframework.web.servlet.DispatcherServlet - Initializing Servlet 'dispatcherServlet'
2020-09-23 23:42:32.143 [main] INFO  org.springframework.web.servlet.DispatcherServlet - Completed initialization in 25 ms
2020-09-23 23:42:32.156 [main] INFO  o.s.boot.web.embedded.tomcat.TomcatWebServer - Tomcat started on port(s): 8080 (http) with context path '/xxl-job-admin'
2020-09-23 23:42:32.167 [main] INFO  com.spring.demo.SpringbootDemoApplication - Started SpringbootDemoApplication in 9.847 seconds (JVM running for 12.879)
